{"/Users/mxh/Code/my-style/express-admin/src/app.js": {"path":"/Users/mxh/Code/my-style/express-admin/src/app.js","statementMap":{"0":{"start":{"line":22,"column":0},"end":{"line":30,"column":1}},"1":{"start":{"line":24,"column":2},"end":{"line":24,"column":56}},"2":{"start":{"line":25,"column":2},"end":{"line":25,"column":48}},"3":{"start":{"line":28,"column":2},"end":{"line":28,"column":45}},"4":{"start":{"line":29,"column":2},"end":{"line":29,"column":33}},"5":{"start":{"line":32,"column":0},"end":{"line":32,"column":15}},"6":{"start":{"line":34,"column":10},"end":{"line":34,"column":19}},"7":{"start":{"line":37,"column":25},"end":{"line":43,"column":1}},"8":{"start":{"line":38,"column":2},"end":{"line":42,"column":3}},"9":{"start":{"line":39,"column":4},"end":{"line":39,"column":33}},"10":{"start":{"line":41,"column":4},"end":{"line":41,"column":38}},"11":{"start":{"line":46,"column":0},"end":{"line":46,"column":18}},"12":{"start":{"line":49,"column":0},"end":{"line":65,"column":1}},"13":{"start":{"line":66,"column":0},"end":{"line":66,"column":15}},"14":{"start":{"line":69,"column":16},"end":{"line":72,"column":2}},"15":{"start":{"line":73,"column":0},"end":{"line":73,"column":16}},"16":{"start":{"line":76,"column":0},"end":{"line":76,"column":47}},"17":{"start":{"line":77,"column":0},"end":{"line":77,"column":30}},"18":{"start":{"line":78,"column":0},"end":{"line":78,"column":34}},"19":{"start":{"line":81,"column":0},"end":{"line":81,"column":22}},"20":{"start":{"line":82,"column":0},"end":{"line":82,"column":23}},"21":{"start":{"line":83,"column":0},"end":{"line":83,"column":48}},"22":{"start":{"line":84,"column":0},"end":{"line":84,"column":51}},"23":{"start":{"line":85,"column":0},"end":{"line":85,"column":26}},"24":{"start":{"line":86,"column":0},"end":{"line":86,"column":23}},"25":{"start":{"line":89,"column":0},"end":{"line":95,"column":1}},"26":{"start":{"line":98,"column":0},"end":{"line":98,"column":58}},"27":{"start":{"line":101,"column":0},"end":{"line":103,"column":2}},"28":{"start":{"line":102,"column":2},"end":{"line":102,"column":22}},"29":{"start":{"line":106,"column":0},"end":{"line":108,"column":2}},"30":{"start":{"line":107,"column":2},"end":{"line":107,"column":37}},"31":{"start":{"line":111,"column":0},"end":{"line":113,"column":2}},"32":{"start":{"line":112,"column":2},"end":{"line":112,"column":62}},"33":{"start":{"line":117,"column":25},"end":{"line":134,"column":1}},"34":{"start":{"line":118,"column":2},"end":{"line":118,"column":43}},"35":{"start":{"line":120,"column":2},"end":{"line":133,"column":3}},"36":{"start":{"line":121,"column":4},"end":{"line":124,"column":6}},"37":{"start":{"line":122,"column":6},"end":{"line":122,"column":32}},"38":{"start":{"line":123,"column":6},"end":{"line":123,"column":21}},"39":{"start":{"line":127,"column":4},"end":{"line":130,"column":13}},"40":{"start":{"line":128,"column":6},"end":{"line":128,"column":37}},"41":{"start":{"line":129,"column":6},"end":{"line":129,"column":21}},"42":{"start":{"line":132,"column":4},"end":{"line":132,"column":19}},"43":{"start":{"line":137,"column":0},"end":{"line":137,"column":54}},"44":{"start":{"line":137,"column":27},"end":{"line":137,"column":53}},"45":{"start":{"line":138,"column":0},"end":{"line":138,"column":56}},"46":{"start":{"line":138,"column":28},"end":{"line":138,"column":55}},"47":{"start":{"line":139,"column":0},"end":{"line":139,"column":56}},"48":{"start":{"line":139,"column":28},"end":{"line":139,"column":55}},"49":{"start":{"line":142,"column":0},"end":{"line":145,"column":2}},"50":{"start":{"line":143,"column":2},"end":{"line":143,"column":33}},"51":{"start":{"line":144,"column":2},"end":{"line":144,"column":39}},"52":{"start":{"line":148,"column":0},"end":{"line":151,"column":2}},"53":{"start":{"line":149,"column":2},"end":{"line":149,"column":43}},"54":{"start":{"line":150,"column":2},"end":{"line":150,"column":40}},"55":{"start":{"line":154,"column":25},"end":{"line":156,"column":1}},"56":{"start":{"line":155,"column":2},"end":{"line":155,"column":21}}},"fnMap":{"0":{"name":"(anonymous_0)","decl":{"start":{"line":37,"column":25},"end":{"line":37,"column":26}},"loc":{"start":{"line":37,"column":37},"end":{"line":43,"column":1}},"line":37},"1":{"name":"(anonymous_1)","decl":{"start":{"line":101,"column":19},"end":{"line":101,"column":20}},"loc":{"start":{"line":101,"column":31},"end":{"line":103,"column":1}},"line":101},"2":{"name":"(anonymous_2)","decl":{"start":{"line":106,"column":8},"end":{"line":106,"column":9}},"loc":{"start":{"line":106,"column":28},"end":{"line":108,"column":1}},"line":106},"3":{"name":"(anonymous_3)","decl":{"start":{"line":111,"column":13},"end":{"line":111,"column":14}},"loc":{"start":{"line":111,"column":27},"end":{"line":113,"column":1}},"line":111},"4":{"name":"(anonymous_4)","decl":{"start":{"line":117,"column":25},"end":{"line":117,"column":26}},"loc":{"start":{"line":117,"column":43},"end":{"line":134,"column":1}},"line":117},"5":{"name":"(anonymous_5)","decl":{"start":{"line":121,"column":17},"end":{"line":121,"column":18}},"loc":{"start":{"line":121,"column":23},"end":{"line":124,"column":5}},"line":121},"6":{"name":"(anonymous_6)","decl":{"start":{"line":127,"column":15},"end":{"line":127,"column":16}},"loc":{"start":{"line":127,"column":21},"end":{"line":130,"column":5}},"line":127},"7":{"name":"(anonymous_7)","decl":{"start":{"line":137,"column":21},"end":{"line":137,"column":22}},"loc":{"start":{"line":137,"column":27},"end":{"line":137,"column":53}},"line":137},"8":{"name":"(anonymous_8)","decl":{"start":{"line":138,"column":22},"end":{"line":138,"column":23}},"loc":{"start":{"line":138,"column":28},"end":{"line":138,"column":55}},"line":138},"9":{"name":"(anonymous_9)","decl":{"start":{"line":139,"column":22},"end":{"line":139,"column":23}},"loc":{"start":{"line":139,"column":28},"end":{"line":139,"column":55}},"line":139},"10":{"name":"(anonymous_10)","decl":{"start":{"line":142,"column":32},"end":{"line":142,"column":33}},"loc":{"start":{"line":142,"column":43},"end":{"line":145,"column":1}},"line":142},"11":{"name":"(anonymous_11)","decl":{"start":{"line":148,"column":33},"end":{"line":148,"column":34}},"loc":{"start":{"line":148,"column":54},"end":{"line":151,"column":1}},"line":148},"12":{"name":"(anonymous_12)","decl":{"start":{"line":154,"column":25},"end":{"line":154,"column":26}},"loc":{"start":{"line":154,"column":41},"end":{"line":156,"column":1}},"line":154}},"branchMap":{"0":{"loc":{"start":{"line":22,"column":0},"end":{"line":30,"column":1}},"type":"if","locations":[{"start":{"line":22,"column":0},"end":{"line":30,"column":1}},{"start":{"line":26,"column":7},"end":{"line":30,"column":1}}],"line":22},"1":{"loc":{"start":{"line":22,"column":4},"end":{"line":22,"column":73}},"type":"binary-expr","locations":[{"start":{"line":22,"column":4},"end":{"line":22,"column":35}},{"start":{"line":22,"column":39},"end":{"line":22,"column":73}}],"line":22},"2":{"loc":{"start":{"line":120,"column":2},"end":{"line":133,"column":3}},"type":"if","locations":[{"start":{"line":120,"column":2},"end":{"line":133,"column":3}},{"start":{"line":131,"column":9},"end":{"line":133,"column":3}}],"line":120}},"s":{"0":0,"1":0,"2":0,"3":0,"4":0,"5":0,"6":0,"7":0,"8":0,"9":0,"10":0,"11":0,"12":0,"13":0,"14":0,"15":0,"16":0,"17":0,"18":0,"19":0,"20":0,"21":0,"22":0,"23":0,"24":0,"25":0,"26":0,"27":0,"28":0,"29":0,"30":0,"31":0,"32":0,"33":0,"34":0,"35":0,"36":0,"37":0,"38":0,"39":0,"40":0,"41":0,"42":0,"43":0,"44":0,"45":0,"46":0,"47":0,"48":0,"49":0,"50":0,"51":0,"52":0,"53":0,"54":0,"55":0,"56":0},"f":{"0":0,"1":0,"2":0,"3":0,"4":0,"5":0,"6":0,"7":0,"8":0,"9":0,"10":0,"11":0,"12":0},"b":{"0":[0,0],"1":[0,0],"2":[0,0]}}
,"/Users/mxh/Code/my-style/express-admin/src/mongodb.js": {"path":"/Users/mxh/Code/my-style/express-admin/src/mongodb.js","statementMap":{"0":{"start":{"line":4,"column":0},"end":{"line":4,"column":14}},"1":{"start":{"line":7,"column":23},"end":{"line":26,"column":1}},"2":{"start":{"line":29,"column":0},"end":{"line":32,"column":1}},"3":{"start":{"line":30,"column":2},"end":{"line":30,"column":38}},"4":{"start":{"line":31,"column":2},"end":{"line":31,"column":17}},"5":{"start":{"line":35,"column":0},"end":{"line":35,"column":34}},"6":{"start":{"line":38,"column":20},"end":{"line":38,"column":23}},"7":{"start":{"line":39,"column":23},"end":{"line":39,"column":27}},"8":{"start":{"line":40,"column":17},"end":{"line":40,"column":18}},"9":{"start":{"line":41,"column":19},"end":{"line":41,"column":24}},"10":{"start":{"line":42,"column":21},"end":{"line":42,"column":26}},"11":{"start":{"line":45,"column":24},"end":{"line":52,"column":1}},"12":{"start":{"line":55,"column":24},"end":{"line":55,"column":28}},"13":{"start":{"line":58,"column":25},"end":{"line":138,"column":1}},"14":{"start":{"line":60,"column":2},"end":{"line":63,"column":3}},"15":{"start":{"line":61,"column":4},"end":{"line":61,"column":33}},"16":{"start":{"line":62,"column":4},"end":{"line":62,"column":10}},"17":{"start":{"line":66,"column":2},"end":{"line":69,"column":3}},"18":{"start":{"line":67,"column":4},"end":{"line":67,"column":26}},"19":{"start":{"line":68,"column":4},"end":{"line":68,"column":10}},"20":{"start":{"line":71,"column":2},"end":{"line":74,"column":3}},"21":{"start":{"line":72,"column":4},"end":{"line":72,"column":33}},"22":{"start":{"line":73,"column":4},"end":{"line":73,"column":28}},"23":{"start":{"line":76,"column":2},"end":{"line":78,"column":3}},"24":{"start":{"line":77,"column":4},"end":{"line":77,"column":28}},"25":{"start":{"line":80,"column":2},"end":{"line":80,"column":21}},"26":{"start":{"line":81,"column":2},"end":{"line":81,"column":37}},"27":{"start":{"line":82,"column":2},"end":{"line":82,"column":52}},"28":{"start":{"line":83,"column":2},"end":{"line":83,"column":38}},"29":{"start":{"line":85,"column":2},"end":{"line":135,"column":4}},"30":{"start":{"line":86,"column":4},"end":{"line":134,"column":5}},"31":{"start":{"line":87,"column":6},"end":{"line":87,"column":64}},"32":{"start":{"line":89,"column":6},"end":{"line":91,"column":8}},"33":{"start":{"line":94,"column":6},"end":{"line":100,"column":8}},"34":{"start":{"line":95,"column":8},"end":{"line":99,"column":9}},"35":{"start":{"line":96,"column":10},"end":{"line":96,"column":19}},"36":{"start":{"line":98,"column":10},"end":{"line":98,"column":56}},"37":{"start":{"line":102,"column":6},"end":{"line":102,"column":40}},"38":{"start":{"line":103,"column":6},"end":{"line":103,"column":42}},"39":{"start":{"line":104,"column":6},"end":{"line":104,"column":38}},"40":{"start":{"line":105,"column":6},"end":{"line":105,"column":28}},"41":{"start":{"line":106,"column":19},"end":{"line":106,"column":43}},"42":{"start":{"line":107,"column":6},"end":{"line":107,"column":51}},"43":{"start":{"line":110,"column":6},"end":{"line":110,"column":20}},"44":{"start":{"line":111,"column":6},"end":{"line":111,"column":15}},"45":{"start":{"line":113,"column":6},"end":{"line":113,"column":39}},"46":{"start":{"line":114,"column":6},"end":{"line":114,"column":42}},"47":{"start":{"line":115,"column":6},"end":{"line":115,"column":51}},"48":{"start":{"line":117,"column":6},"end":{"line":131,"column":7}},"49":{"start":{"line":118,"column":8},"end":{"line":118,"column":20}},"50":{"start":{"line":119,"column":8},"end":{"line":119,"column":54}},"51":{"start":{"line":120,"column":8},"end":{"line":127,"column":26}},"52":{"start":{"line":121,"column":10},"end":{"line":126,"column":11}},"53":{"start":{"line":122,"column":12},"end":{"line":122,"column":36}},"54":{"start":{"line":123,"column":12},"end":{"line":123,"column":21}},"55":{"start":{"line":125,"column":12},"end":{"line":125,"column":30}},"56":{"start":{"line":129,"column":8},"end":{"line":129,"column":38}},"57":{"start":{"line":130,"column":8},"end":{"line":130,"column":21}},"58":{"start":{"line":133,"column":6},"end":{"line":133,"column":26}},"59":{"start":{"line":137,"column":2},"end":{"line":137,"column":26}},"60":{"start":{"line":141,"column":0},"end":{"line":141,"column":33}},"61":{"start":{"line":144,"column":11},"end":{"line":144,"column":30}},"62":{"start":{"line":147,"column":26},"end":{"line":156,"column":1}},"63":{"start":{"line":148,"column":16},"end":{"line":148,"column":46}},"64":{"start":{"line":149,"column":17},"end":{"line":154,"column":3}},"65":{"start":{"line":155,"column":2},"end":{"line":155,"column":47}},"66":{"start":{"line":159,"column":0},"end":{"line":159,"column":37}},"67":{"start":{"line":161,"column":0},"end":{"line":165,"column":2}},"68":{"start":{"line":162,"column":2},"end":{"line":162,"column":36}},"69":{"start":{"line":163,"column":2},"end":{"line":163,"column":38}},"70":{"start":{"line":164,"column":2},"end":{"line":164,"column":30}},"71":{"start":{"line":167,"column":0},"end":{"line":184,"column":2}},"72":{"start":{"line":168,"column":2},"end":{"line":168,"column":37}},"73":{"start":{"line":169,"column":2},"end":{"line":169,"column":38}},"74":{"start":{"line":170,"column":2},"end":{"line":170,"column":30}},"75":{"start":{"line":173,"column":2},"end":{"line":173,"column":26}},"76":{"start":{"line":176,"column":2},"end":{"line":183,"column":3}},"77":{"start":{"line":177,"column":4},"end":{"line":177,"column":31}},"78":{"start":{"line":178,"column":4},"end":{"line":182,"column":12}},"79":{"start":{"line":179,"column":6},"end":{"line":181,"column":8}},"80":{"start":{"line":180,"column":8},"end":{"line":180,"column":45}},"81":{"start":{"line":186,"column":0},"end":{"line":189,"column":2}},"82":{"start":{"line":187,"column":2},"end":{"line":187,"column":35}},"83":{"start":{"line":188,"column":2},"end":{"line":188,"column":37}},"84":{"start":{"line":192,"column":25},"end":{"line":205,"column":1}},"85":{"start":{"line":193,"column":2},"end":{"line":193,"column":45}},"86":{"start":{"line":194,"column":2},"end":{"line":194,"column":23}},"87":{"start":{"line":195,"column":2},"end":{"line":195,"column":39}},"88":{"start":{"line":197,"column":2},"end":{"line":204,"column":3}},"89":{"start":{"line":198,"column":4},"end":{"line":198,"column":37}},"90":{"start":{"line":199,"column":4},"end":{"line":199,"column":34}},"91":{"start":{"line":200,"column":4},"end":{"line":200,"column":19}},"92":{"start":{"line":202,"column":4},"end":{"line":202,"column":45}},"93":{"start":{"line":203,"column":4},"end":{"line":203,"column":19}},"94":{"start":{"line":208,"column":0},"end":{"line":208,"column":54}},"95":{"start":{"line":208,"column":27},"end":{"line":208,"column":53}},"96":{"start":{"line":209,"column":0},"end":{"line":209,"column":56}},"97":{"start":{"line":209,"column":28},"end":{"line":209,"column":55}},"98":{"start":{"line":210,"column":0},"end":{"line":210,"column":56}},"99":{"start":{"line":210,"column":28},"end":{"line":210,"column":55}},"100":{"start":{"line":213,"column":0},"end":{"line":219,"column":2}},"101":{"start":{"line":214,"column":2},"end":{"line":214,"column":33}},"102":{"start":{"line":216,"column":2},"end":{"line":218,"column":3}},"103":{"start":{"line":217,"column":4},"end":{"line":217,"column":41}},"104":{"start":{"line":222,"column":0},"end":{"line":228,"column":2}},"105":{"start":{"line":223,"column":2},"end":{"line":223,"column":43}},"106":{"start":{"line":225,"column":2},"end":{"line":227,"column":3}},"107":{"start":{"line":226,"column":4},"end":{"line":226,"column":42}}},"fnMap":{"0":{"name":"(anonymous_0)","decl":{"start":{"line":58,"column":25},"end":{"line":58,"column":26}},"loc":{"start":{"line":58,"column":37},"end":{"line":138,"column":1}},"line":58},"1":{"name":"(anonymous_1)","decl":{"start":{"line":85,"column":34},"end":{"line":85,"column":35}},"loc":{"start":{"line":85,"column":61},"end":{"line":135,"column":3}},"line":85},"2":{"name":"(anonymous_2)","decl":{"start":{"line":94,"column":24},"end":{"line":94,"column":25}},"loc":{"start":{"line":94,"column":37},"end":{"line":100,"column":7}},"line":94},"3":{"name":"(anonymous_3)","decl":{"start":{"line":120,"column":19},"end":{"line":120,"column":20}},"loc":{"start":{"line":120,"column":31},"end":{"line":127,"column":9}},"line":120},"4":{"name":"(anonymous_4)","decl":{"start":{"line":147,"column":26},"end":{"line":147,"column":27}},"loc":{"start":{"line":147,"column":32},"end":{"line":156,"column":1}},"line":147},"5":{"name":"(anonymous_5)","decl":{"start":{"line":161,"column":19},"end":{"line":161,"column":20}},"loc":{"start":{"line":161,"column":25},"end":{"line":165,"column":1}},"line":161},"6":{"name":"(anonymous_6)","decl":{"start":{"line":167,"column":22},"end":{"line":167,"column":23}},"loc":{"start":{"line":167,"column":28},"end":{"line":184,"column":1}},"line":167},"7":{"name":"(anonymous_7)","decl":{"start":{"line":178,"column":15},"end":{"line":178,"column":16}},"loc":{"start":{"line":178,"column":21},"end":{"line":182,"column":5}},"line":178},"8":{"name":"(anonymous_8)","decl":{"start":{"line":179,"column":31},"end":{"line":179,"column":32}},"loc":{"start":{"line":179,"column":40},"end":{"line":181,"column":7}},"line":179},"9":{"name":"(anonymous_9)","decl":{"start":{"line":186,"column":15},"end":{"line":186,"column":16}},"loc":{"start":{"line":186,"column":26},"end":{"line":189,"column":1}},"line":186},"10":{"name":"(anonymous_10)","decl":{"start":{"line":192,"column":25},"end":{"line":192,"column":26}},"loc":{"start":{"line":192,"column":43},"end":{"line":205,"column":1}},"line":192},"11":{"name":"(anonymous_11)","decl":{"start":{"line":208,"column":21},"end":{"line":208,"column":22}},"loc":{"start":{"line":208,"column":27},"end":{"line":208,"column":53}},"line":208},"12":{"name":"(anonymous_12)","decl":{"start":{"line":209,"column":22},"end":{"line":209,"column":23}},"loc":{"start":{"line":209,"column":28},"end":{"line":209,"column":55}},"line":209},"13":{"name":"(anonymous_13)","decl":{"start":{"line":210,"column":22},"end":{"line":210,"column":23}},"loc":{"start":{"line":210,"column":28},"end":{"line":210,"column":55}},"line":210},"14":{"name":"(anonymous_14)","decl":{"start":{"line":213,"column":32},"end":{"line":213,"column":33}},"loc":{"start":{"line":213,"column":43},"end":{"line":219,"column":1}},"line":213},"15":{"name":"(anonymous_15)","decl":{"start":{"line":222,"column":33},"end":{"line":222,"column":34}},"loc":{"start":{"line":222,"column":54},"end":{"line":228,"column":1}},"line":222}},"branchMap":{"0":{"loc":{"start":{"line":29,"column":0},"end":{"line":32,"column":1}},"type":"if","locations":[{"start":{"line":29,"column":0},"end":{"line":32,"column":1}},{"start":{},"end":{}}],"line":29},"1":{"loc":{"start":{"line":60,"column":2},"end":{"line":63,"column":3}},"type":"if","locations":[{"start":{"line":60,"column":2},"end":{"line":63,"column":3}},{"start":{},"end":{}}],"line":60},"2":{"loc":{"start":{"line":60,"column":6},"end":{"line":60,"column":54}},"type":"binary-expr","locations":[{"start":{"line":60,"column":6},"end":{"line":60,"column":20}},{"start":{"line":60,"column":24},"end":{"line":60,"column":54}}],"line":60},"3":{"loc":{"start":{"line":66,"column":2},"end":{"line":69,"column":3}},"type":"if","locations":[{"start":{"line":66,"column":2},"end":{"line":69,"column":3}},{"start":{},"end":{}}],"line":66},"4":{"loc":{"start":{"line":71,"column":2},"end":{"line":74,"column":3}},"type":"if","locations":[{"start":{"line":71,"column":2},"end":{"line":74,"column":3}},{"start":{},"end":{}}],"line":71},"5":{"loc":{"start":{"line":76,"column":2},"end":{"line":78,"column":3}},"type":"if","locations":[{"start":{"line":76,"column":2},"end":{"line":78,"column":3}},{"start":{},"end":{}}],"line":76},"6":{"loc":{"start":{"line":95,"column":8},"end":{"line":99,"column":9}},"type":"if","locations":[{"start":{"line":95,"column":8},"end":{"line":99,"column":9}},{"start":{"line":97,"column":15},"end":{"line":99,"column":9}}],"line":95},"7":{"loc":{"start":{"line":106,"column":19},"end":{"line":106,"column":43}},"type":"binary-expr","locations":[{"start":{"line":106,"column":19},"end":{"line":106,"column":35}},{"start":{"line":106,"column":39},"end":{"line":106,"column":43}}],"line":106},"8":{"loc":{"start":{"line":117,"column":6},"end":{"line":131,"column":7}},"type":"if","locations":[{"start":{"line":117,"column":6},"end":{"line":131,"column":7}},{"start":{"line":128,"column":13},"end":{"line":131,"column":7}}],"line":117},"9":{"loc":{"start":{"line":176,"column":2},"end":{"line":183,"column":3}},"type":"if","locations":[{"start":{"line":176,"column":2},"end":{"line":183,"column":3}},{"start":{},"end":{}}],"line":176},"10":{"loc":{"start":{"line":176,"column":6},"end":{"line":176,"column":56}},"type":"binary-expr","locations":[{"start":{"line":176,"column":6},"end":{"line":176,"column":21}},{"start":{"line":176,"column":25},"end":{"line":176,"column":56}}],"line":176},"11":{"loc":{"start":{"line":216,"column":2},"end":{"line":218,"column":3}},"type":"if","locations":[{"start":{"line":216,"column":2},"end":{"line":218,"column":3}},{"start":{},"end":{}}],"line":216},"12":{"loc":{"start":{"line":216,"column":6},"end":{"line":216,"column":81}},"type":"binary-expr","locations":[{"start":{"line":216,"column":6},"end":{"line":216,"column":43}},{"start":{"line":216,"column":47},"end":{"line":216,"column":81}}],"line":216},"13":{"loc":{"start":{"line":225,"column":2},"end":{"line":227,"column":3}},"type":"if","locations":[{"start":{"line":225,"column":2},"end":{"line":227,"column":3}},{"start":{},"end":{}}],"line":225},"14":{"loc":{"start":{"line":225,"column":6},"end":{"line":225,"column":85}},"type":"binary-expr","locations":[{"start":{"line":225,"column":6},"end":{"line":225,"column":45}},{"start":{"line":225,"column":49},"end":{"line":225,"column":85}}],"line":225}},"s":{"0":0,"1":0,"2":0,"3":0,"4":0,"5":0,"6":0,"7":0,"8":0,"9":0,"10":0,"11":0,"12":0,"13":0,"14":0,"15":0,"16":0,"17":0,"18":0,"19":0,"20":0,"21":0,"22":0,"23":0,"24":0,"25":0,"26":0,"27":0,"28":0,"29":0,"30":0,"31":0,"32":0,"33":0,"34":0,"35":0,"36":0,"37":0,"38":0,"39":0,"40":0,"41":0,"42":0,"43":0,"44":0,"45":0,"46":0,"47":0,"48":0,"49":0,"50":0,"51":0,"52":0,"53":0,"54":0,"55":0,"56":0,"57":0,"58":0,"59":0,"60":0,"61":0,"62":0,"63":0,"64":0,"65":0,"66":0,"67":0,"68":0,"69":0,"70":0,"71":0,"72":0,"73":0,"74":0,"75":0,"76":0,"77":0,"78":0,"79":0,"80":0,"81":0,"82":0,"83":0,"84":0,"85":0,"86":0,"87":0,"88":0,"89":0,"90":0,"91":0,"92":0,"93":0,"94":0,"95":0,"96":0,"97":0,"98":0,"99":0,"100":0,"101":0,"102":0,"103":0,"104":0,"105":0,"106":0,"107":0},"f":{"0":0,"1":0,"2":0,"3":0,"4":0,"5":0,"6":0,"7":0,"8":0,"9":0,"10":0,"11":0,"12":0,"13":0,"14":0,"15":0},"b":{"0":[0,0],"1":[0,0],"2":[0,0],"3":[0,0],"4":[0,0],"5":[0,0],"6":[0,0],"7":[0,0],"8":[0,0],"9":[0,0],"10":[0,0],"11":[0,0],"12":[0,0],"13":[0,0],"14":[0,0]}}
,"/Users/mxh/Code/my-style/express-admin/src/controllers/chatController.js": {"path":"/Users/mxh/Code/my-style/express-admin/src/controllers/chatController.js","statementMap":{"0":{"start":{"line":7,"column":20},"end":{"line":11,"column":3}},"1":{"start":{"line":8,"column":4},"end":{"line":10,"column":5}},"2":{"start":{"line":9,"column":6},"end":{"line":9,"column":32}},"3":{"start":{"line":14,"column":16},"end":{"line":60,"column":3}},"4":{"start":{"line":15,"column":4},"end":{"line":59,"column":5}},"5":{"start":{"line":16,"column":6},"end":{"line":16,"column":29}},"6":{"start":{"line":18,"column":21},"end":{"line":18,"column":42}},"7":{"start":{"line":19,"column":6},"end":{"line":25,"column":7}},"8":{"start":{"line":20,"column":8},"end":{"line":24,"column":11}},"9":{"start":{"line":27,"column":35},"end":{"line":27,"column":43}},"10":{"start":{"line":28,"column":21},"end":{"line":28,"column":68}},"11":{"start":{"line":30,"column":6},"end":{"line":30,"column":52}},"12":{"start":{"line":32,"column":6},"end":{"line":36,"column":9}},"13":{"start":{"line":38,"column":21},"end":{"line":38,"column":77}},"14":{"start":{"line":40,"column":6},"end":{"line":42,"column":7}},"15":{"start":{"line":41,"column":8},"end":{"line":41,"column":56}},"16":{"start":{"line":45,"column":6},"end":{"line":45,"column":48}},"17":{"start":{"line":47,"column":6},"end":{"line":53,"column":7}},"18":{"start":{"line":48,"column":29},"end":{"line":51,"column":9}},"19":{"start":{"line":52,"column":8},"end":{"line":52,"column":63}},"20":{"start":{"line":56,"column":6},"end":{"line":58,"column":7}},"21":{"start":{"line":57,"column":8},"end":{"line":57,"column":18}},"22":{"start":{"line":63,"column":15},"end":{"line":113,"column":3}},"23":{"start":{"line":64,"column":4},"end":{"line":112,"column":5}},"24":{"start":{"line":66,"column":6},"end":{"line":66,"column":29}},"25":{"start":{"line":68,"column":21},"end":{"line":68,"column":68}},"26":{"start":{"line":69,"column":39},"end":{"line":69,"column":48}},"27":{"start":{"line":71,"column":6},"end":{"line":71,"column":36}},"28":{"start":{"line":72,"column":25},"end":{"line":72,"column":62}},"29":{"start":{"line":75,"column":20},"end":{"line":75,"column":37}},"30":{"start":{"line":76,"column":25},"end":{"line":76,"column":43}},"31":{"start":{"line":77,"column":23},"end":{"line":77,"column":51}},"32":{"start":{"line":78,"column":22},"end":{"line":78,"column":60}},"33":{"start":{"line":81,"column":6},"end":{"line":85,"column":9}},"34":{"start":{"line":87,"column":6},"end":{"line":96,"column":9}},"35":{"start":{"line":99,"column":6},"end":{"line":99,"column":40}},"36":{"start":{"line":101,"column":6},"end":{"line":106,"column":7}},"37":{"start":{"line":102,"column":8},"end":{"line":105,"column":11}},"38":{"start":{"line":108,"column":6},"end":{"line":111,"column":9}},"39":{"start":{"line":116,"column":17},"end":{"line":145,"column":3}},"40":{"start":{"line":117,"column":4},"end":{"line":144,"column":5}},"41":{"start":{"line":119,"column":6},"end":{"line":119,"column":29}},"42":{"start":{"line":121,"column":21},"end":{"line":121,"column":68}},"43":{"start":{"line":123,"column":6},"end":{"line":123,"column":46}},"44":{"start":{"line":125,"column":6},"end":{"line":128,"column":9}},"45":{"start":{"line":131,"column":6},"end":{"line":131,"column":40}},"46":{"start":{"line":133,"column":6},"end":{"line":138,"column":7}},"47":{"start":{"line":134,"column":8},"end":{"line":137,"column":11}},"48":{"start":{"line":140,"column":6},"end":{"line":143,"column":9}}},"fnMap":{"0":{"name":"(anonymous_0)","decl":{"start":{"line":7,"column":20},"end":{"line":7,"column":21}},"loc":{"start":{"line":7,"column":26},"end":{"line":11,"column":3}},"line":7},"1":{"name":"(anonymous_1)","decl":{"start":{"line":14,"column":16},"end":{"line":14,"column":17}},"loc":{"start":{"line":14,"column":36},"end":{"line":60,"column":3}},"line":14},"2":{"name":"(anonymous_2)","decl":{"start":{"line":63,"column":15},"end":{"line":63,"column":16}},"loc":{"start":{"line":63,"column":35},"end":{"line":113,"column":3}},"line":63},"3":{"name":"(anonymous_3)","decl":{"start":{"line":116,"column":17},"end":{"line":116,"column":18}},"loc":{"start":{"line":116,"column":37},"end":{"line":145,"column":3}},"line":116}},"branchMap":{"0":{"loc":{"start":{"line":8,"column":4},"end":{"line":10,"column":5}},"type":"if","locations":[{"start":{"line":8,"column":4},"end":{"line":10,"column":5}},{"start":{},"end":{}}],"line":8},"1":{"loc":{"start":{"line":19,"column":6},"end":{"line":25,"column":7}},"type":"if","locations":[{"start":{"line":19,"column":6},"end":{"line":25,"column":7}},{"start":{},"end":{}}],"line":19},"2":{"loc":{"start":{"line":28,"column":21},"end":{"line":28,"column":68}},"type":"binary-expr","locations":[{"start":{"line":28,"column":21},"end":{"line":28,"column":33}},{"start":{"line":28,"column":37},"end":{"line":28,"column":53}},{"start":{"line":28,"column":57},"end":{"line":28,"column":68}}],"line":28},"3":{"loc":{"start":{"line":47,"column":6},"end":{"line":53,"column":7}},"type":"if","locations":[{"start":{"line":47,"column":6},"end":{"line":53,"column":7}},{"start":{},"end":{}}],"line":47},"4":{"loc":{"start":{"line":50,"column":19},"end":{"line":50,"column":48}},"type":"binary-expr","locations":[{"start":{"line":50,"column":19},"end":{"line":50,"column":32}},{"start":{"line":50,"column":36},"end":{"line":50,"column":48}}],"line":50},"5":{"loc":{"start":{"line":56,"column":6},"end":{"line":58,"column":7}},"type":"if","locations":[{"start":{"line":56,"column":6},"end":{"line":58,"column":7}},{"start":{},"end":{}}],"line":56},"6":{"loc":{"start":{"line":68,"column":21},"end":{"line":68,"column":68}},"type":"binary-expr","locations":[{"start":{"line":68,"column":21},"end":{"line":68,"column":33}},{"start":{"line":68,"column":37},"end":{"line":68,"column":53}},{"start":{"line":68,"column":57},"end":{"line":68,"column":68}}],"line":68},"7":{"loc":{"start":{"line":69,"column":14},"end":{"line":69,"column":22}},"type":"default-arg","locations":[{"start":{"line":69,"column":21},"end":{"line":69,"column":22}}],"line":69},"8":{"loc":{"start":{"line":69,"column":24},"end":{"line":69,"column":34}},"type":"default-arg","locations":[{"start":{"line":69,"column":32},"end":{"line":69,"column":34}}],"line":69},"9":{"loc":{"start":{"line":101,"column":6},"end":{"line":106,"column":7}},"type":"if","locations":[{"start":{"line":101,"column":6},"end":{"line":106,"column":7}},{"start":{},"end":{}}],"line":101},"10":{"loc":{"start":{"line":121,"column":21},"end":{"line":121,"column":68}},"type":"binary-expr","locations":[{"start":{"line":121,"column":21},"end":{"line":121,"column":33}},{"start":{"line":121,"column":37},"end":{"line":121,"column":53}},{"start":{"line":121,"column":57},"end":{"line":121,"column":68}}],"line":121},"11":{"loc":{"start":{"line":133,"column":6},"end":{"line":138,"column":7}},"type":"if","locations":[{"start":{"line":133,"column":6},"end":{"line":138,"column":7}},{"start":{},"end":{}}],"line":133}},"s":{"0":0,"1":0,"2":0,"3":0,"4":0,"5":0,"6":0,"7":0,"8":0,"9":0,"10":0,"11":0,"12":0,"13":0,"14":0,"15":0,"16":0,"17":0,"18":0,"19":0,"20":0,"21":0,"22":0,"23":0,"24":0,"25":0,"26":0,"27":0,"28":0,"29":0,"30":0,"31":0,"32":0,"33":0,"34":0,"35":0,"36":0,"37":0,"38":0,"39":0,"40":0,"41":0,"42":0,"43":0,"44":0,"45":0,"46":0,"47":0,"48":0},"f":{"0":0,"1":0,"2":0,"3":0},"b":{"0":[0,0],"1":[0,0],"2":[0,0,0],"3":[0,0],"4":[0,0],"5":[0,0],"6":[0,0,0],"7":[0],"8":[0],"9":[0,0],"10":[0,0,0],"11":[0,0]}}
,"/Users/mxh/Code/my-style/express-admin/src/middleware/authLogin.js": {"path":"/Users/mxh/Code/my-style/express-admin/src/middleware/authLogin.js","statementMap":{"0":{"start":{"line":36,"column":18},"end":{"line":98,"column":1}},"1":{"start":{"line":37,"column":2},"end":{"line":97,"column":3}},"2":{"start":{"line":38,"column":18},"end":{"line":38,"column":67}},"3":{"start":{"line":40,"column":4},"end":{"line":45,"column":5}},"4":{"start":{"line":41,"column":6},"end":{"line":44,"column":8}},"5":{"start":{"line":47,"column":20},"end":{"line":47,"column":61}},"6":{"start":{"line":50,"column":17},"end":{"line":50,"column":72}},"7":{"start":{"line":51,"column":4},"end":{"line":56,"column":5}},"8":{"start":{"line":52,"column":6},"end":{"line":55,"column":8}},"9":{"start":{"line":59,"column":4},"end":{"line":64,"column":5}},"10":{"start":{"line":60,"column":6},"end":{"line":63,"column":8}},"11":{"start":{"line":67,"column":4},"end":{"line":75,"column":5}},"12":{"start":{"line":68,"column":19},"end":{"line":68,"column":58}},"13":{"start":{"line":69,"column":6},"end":{"line":74,"column":7}},"14":{"start":{"line":70,"column":8},"end":{"line":73,"column":10}},"15":{"start":{"line":77,"column":4},"end":{"line":77,"column":19}},"16":{"start":{"line":78,"column":4},"end":{"line":78,"column":10}},"17":{"start":{"line":80,"column":4},"end":{"line":85,"column":5}},"18":{"start":{"line":81,"column":6},"end":{"line":84,"column":8}},"19":{"start":{"line":86,"column":4},"end":{"line":91,"column":5}},"20":{"start":{"line":87,"column":6},"end":{"line":90,"column":8}},"21":{"start":{"line":92,"column":4},"end":{"line":96,"column":6}}},"fnMap":{"0":{"name":"(anonymous_0)","decl":{"start":{"line":36,"column":18},"end":{"line":36,"column":19}},"loc":{"start":{"line":36,"column":44},"end":{"line":98,"column":1}},"line":36}},"branchMap":{"0":{"loc":{"start":{"line":40,"column":4},"end":{"line":45,"column":5}},"type":"if","locations":[{"start":{"line":40,"column":4},"end":{"line":45,"column":5}},{"start":{},"end":{}}],"line":40},"1":{"loc":{"start":{"line":51,"column":4},"end":{"line":56,"column":5}},"type":"if","locations":[{"start":{"line":51,"column":4},"end":{"line":56,"column":5}},{"start":{},"end":{}}],"line":51},"2":{"loc":{"start":{"line":59,"column":4},"end":{"line":64,"column":5}},"type":"if","locations":[{"start":{"line":59,"column":4},"end":{"line":64,"column":5}},{"start":{},"end":{}}],"line":59},"3":{"loc":{"start":{"line":67,"column":4},"end":{"line":75,"column":5}},"type":"if","locations":[{"start":{"line":67,"column":4},"end":{"line":75,"column":5}},{"start":{},"end":{}}],"line":67},"4":{"loc":{"start":{"line":69,"column":6},"end":{"line":74,"column":7}},"type":"if","locations":[{"start":{"line":69,"column":6},"end":{"line":74,"column":7}},{"start":{},"end":{}}],"line":69},"5":{"loc":{"start":{"line":69,"column":10},"end":{"line":69,"column":42}},"type":"binary-expr","locations":[{"start":{"line":69,"column":10},"end":{"line":69,"column":14}},{"start":{"line":69,"column":18},"end":{"line":69,"column":42}}],"line":69},"6":{"loc":{"start":{"line":80,"column":4},"end":{"line":85,"column":5}},"type":"if","locations":[{"start":{"line":80,"column":4},"end":{"line":85,"column":5}},{"start":{},"end":{}}],"line":80},"7":{"loc":{"start":{"line":86,"column":4},"end":{"line":91,"column":5}},"type":"if","locations":[{"start":{"line":86,"column":4},"end":{"line":91,"column":5}},{"start":{},"end":{}}],"line":86}},"s":{"0":0,"1":0,"2":0,"3":0,"4":0,"5":0,"6":0,"7":0,"8":0,"9":0,"10":0,"11":0,"12":0,"13":0,"14":0,"15":0,"16":0,"17":0,"18":0,"19":0,"20":0,"21":0},"f":{"0":0},"b":{"0":[0,0],"1":[0,0],"2":[0,0],"3":[0,0],"4":[0,0],"5":[0,0],"6":[0,0],"7":[0,0]}}
,"/Users/mxh/Code/my-style/express-admin/src/middleware/permissions.js": {"path":"/Users/mxh/Code/my-style/express-admin/src/middleware/permissions.js","statementMap":{"0":{"start":{"line":9,"column":25},"end":{"line":61,"column":1}},"1":{"start":{"line":10,"column":2},"end":{"line":60,"column":3}},"2":{"start":{"line":11,"column":4},"end":{"line":59,"column":5}},"3":{"start":{"line":13,"column":19},"end":{"line":13,"column":44}},"4":{"start":{"line":14,"column":6},"end":{"line":16,"column":7}},"5":{"start":{"line":15,"column":8},"end":{"line":15,"column":71}},"6":{"start":{"line":17,"column":20},"end":{"line":17,"column":47}},"7":{"start":{"line":19,"column":6},"end":{"line":23,"column":7}},"8":{"start":{"line":20,"column":8},"end":{"line":20,"column":59}},"9":{"start":{"line":22,"column":8},"end":{"line":22,"column":71}},"10":{"start":{"line":26,"column":19},"end":{"line":26,"column":95}},"11":{"start":{"line":27,"column":6},"end":{"line":29,"column":7}},"12":{"start":{"line":28,"column":8},"end":{"line":28,"column":68}},"13":{"start":{"line":32,"column":6},"end":{"line":34,"column":7}},"14":{"start":{"line":33,"column":8},"end":{"line":33,"column":75}},"15":{"start":{"line":37,"column":23},"end":{"line":37,"column":48}},"16":{"start":{"line":38,"column":19},"end":{"line":38,"column":75}},"17":{"start":{"line":40,"column":6},"end":{"line":42,"column":7}},"18":{"start":{"line":41,"column":8},"end":{"line":41,"column":74}},"19":{"start":{"line":47,"column":8},"end":{"line":48,"column":88}},"20":{"start":{"line":48,"column":50},"end":{"line":48,"column":87}},"21":{"start":{"line":50,"column":6},"end":{"line":52,"column":7}},"22":{"start":{"line":51,"column":8},"end":{"line":51,"column":68}},"23":{"start":{"line":55,"column":6},"end":{"line":55,"column":21}},"24":{"start":{"line":56,"column":6},"end":{"line":56,"column":12}},"25":{"start":{"line":58,"column":6},"end":{"line":58,"column":34}}},"fnMap":{"0":{"name":"(anonymous_0)","decl":{"start":{"line":9,"column":25},"end":{"line":9,"column":26}},"loc":{"start":{"line":9,"column":50},"end":{"line":61,"column":1}},"line":9},"1":{"name":"(anonymous_1)","decl":{"start":{"line":10,"column":9},"end":{"line":10,"column":10}},"loc":{"start":{"line":10,"column":35},"end":{"line":60,"column":3}},"line":10},"2":{"name":"(anonymous_2)","decl":{"start":{"line":48,"column":34},"end":{"line":48,"column":35}},"loc":{"start":{"line":48,"column":50},"end":{"line":48,"column":87}},"line":48}},"branchMap":{"0":{"loc":{"start":{"line":14,"column":6},"end":{"line":16,"column":7}},"type":"if","locations":[{"start":{"line":14,"column":6},"end":{"line":16,"column":7}},{"start":{},"end":{}}],"line":14},"1":{"loc":{"start":{"line":14,"column":10},"end":{"line":14,"column":46}},"type":"binary-expr","locations":[{"start":{"line":14,"column":10},"end":{"line":14,"column":15}},{"start":{"line":14,"column":19},"end":{"line":14,"column":46}}],"line":14},"2":{"loc":{"start":{"line":27,"column":6},"end":{"line":29,"column":7}},"type":"if","locations":[{"start":{"line":27,"column":6},"end":{"line":29,"column":7}},{"start":{},"end":{}}],"line":27},"3":{"loc":{"start":{"line":32,"column":6},"end":{"line":34,"column":7}},"type":"if","locations":[{"start":{"line":32,"column":6},"end":{"line":34,"column":7}},{"start":{},"end":{}}],"line":32},"4":{"loc":{"start":{"line":37,"column":23},"end":{"line":37,"column":48}},"type":"binary-expr","locations":[{"start":{"line":37,"column":23},"end":{"line":37,"column":32}},{"start":{"line":37,"column":36},"end":{"line":37,"column":48}}],"line":37},"5":{"loc":{"start":{"line":40,"column":6},"end":{"line":42,"column":7}},"type":"if","locations":[{"start":{"line":40,"column":6},"end":{"line":42,"column":7}},{"start":{},"end":{}}],"line":40},"6":{"loc":{"start":{"line":47,"column":8},"end":{"line":48,"column":88}},"type":"binary-expr","locations":[{"start":{"line":47,"column":8},"end":{"line":47,"column":38}},{"start":{"line":48,"column":8},"end":{"line":48,"column":88}}],"line":47},"7":{"loc":{"start":{"line":50,"column":6},"end":{"line":52,"column":7}},"type":"if","locations":[{"start":{"line":50,"column":6},"end":{"line":52,"column":7}},{"start":{},"end":{}}],"line":50}},"s":{"0":0,"1":0,"2":0,"3":0,"4":0,"5":0,"6":0,"7":0,"8":0,"9":0,"10":0,"11":0,"12":0,"13":0,"14":0,"15":0,"16":0,"17":0,"18":0,"19":0,"20":0,"21":0,"22":0,"23":0,"24":0,"25":0},"f":{"0":0,"1":0,"2":0},"b":{"0":[0,0],"1":[0,0],"2":[0,0],"3":[0,0],"4":[0,0],"5":[0,0],"6":[0,0],"7":[0,0]}}
,"/Users/mxh/Code/my-style/express-admin/src/models/loginLog.js": {"path":"/Users/mxh/Code/my-style/express-admin/src/models/loginLog.js","statementMap":{"0":{"start":{"line":3,"column":23},"end":{"line":39,"column":2}},"1":{"start":{"line":42,"column":17},"end":{"line":42,"column":87}}},"fnMap":{},"branchMap":{"0":{"loc":{"start":{"line":42,"column":17},"end":{"line":42,"column":87}},"type":"binary-expr","locations":[{"start":{"line":42,"column":17},"end":{"line":42,"column":41}},{"start":{"line":42,"column":45},"end":{"line":42,"column":87}}],"line":42}},"s":{"0":0,"1":0},"f":{},"b":{"0":[0,0]}}
,"/Users/mxh/Code/my-style/express-admin/src/models/menu.js": {"path":"/Users/mxh/Code/my-style/express-admin/src/models/menu.js","statementMap":{"0":{"start":{"line":3,"column":19},"end":{"line":45,"column":2}},"1":{"start":{"line":48,"column":0},"end":{"line":51,"column":2}},"2":{"start":{"line":49,"column":2},"end":{"line":49,"column":29}},"3":{"start":{"line":50,"column":2},"end":{"line":50,"column":8}},"4":{"start":{"line":54,"column":0},"end":{"line":59,"column":2}},"5":{"start":{"line":55,"column":2},"end":{"line":57,"column":3}},"6":{"start":{"line":56,"column":4},"end":{"line":56,"column":34}},"7":{"start":{"line":58,"column":2},"end":{"line":58,"column":8}},"8":{"start":{"line":62,"column":0},"end":{"line":123,"column":1}},"9":{"start":{"line":63,"column":2},"end":{"line":122,"column":3}},"10":{"start":{"line":65,"column":22},"end":{"line":65,"column":49}},"11":{"start":{"line":67,"column":4},"end":{"line":119,"column":5}},"12":{"start":{"line":68,"column":6},"end":{"line":68,"column":31}},"13":{"start":{"line":71,"column":27},"end":{"line":107,"column":7}},"14":{"start":{"line":110,"column":27},"end":{"line":110,"column":62}},"15":{"start":{"line":113,"column":6},"end":{"line":116,"column":7}},"16":{"start":{"line":114,"column":8},"end":{"line":114,"column":38}},"17":{"start":{"line":115,"column":8},"end":{"line":115,"column":25}},"18":{"start":{"line":118,"column":6},"end":{"line":118,"column":30}},"19":{"start":{"line":121,"column":4},"end":{"line":121,"column":38}},"20":{"start":{"line":126,"column":13},"end":{"line":126,"column":71}}},"fnMap":{"0":{"name":"(anonymous_0)","decl":{"start":{"line":48,"column":23},"end":{"line":48,"column":24}},"loc":{"start":{"line":48,"column":39},"end":{"line":51,"column":1}},"line":48},"1":{"name":"(anonymous_1)","decl":{"start":{"line":54,"column":23},"end":{"line":54,"column":24}},"loc":{"start":{"line":54,"column":39},"end":{"line":59,"column":1}},"line":54},"2":{"name":"(anonymous_2)","decl":{"start":{"line":62,"column":38},"end":{"line":62,"column":39}},"loc":{"start":{"line":62,"column":56},"end":{"line":123,"column":1}},"line":62}},"branchMap":{"0":{"loc":{"start":{"line":55,"column":2},"end":{"line":57,"column":3}},"type":"if","locations":[{"start":{"line":55,"column":2},"end":{"line":57,"column":3}},{"start":{},"end":{}}],"line":55},"1":{"loc":{"start":{"line":67,"column":4},"end":{"line":119,"column":5}},"type":"if","locations":[{"start":{"line":67,"column":4},"end":{"line":119,"column":5}},{"start":{},"end":{}}],"line":67},"2":{"loc":{"start":{"line":126,"column":13},"end":{"line":126,"column":71}},"type":"binary-expr","locations":[{"start":{"line":126,"column":13},"end":{"line":126,"column":33}},{"start":{"line":126,"column":37},"end":{"line":126,"column":71}}],"line":126}},"s":{"0":0,"1":0,"2":0,"3":0,"4":0,"5":0,"6":0,"7":0,"8":0,"9":0,"10":0,"11":0,"12":0,"13":0,"14":0,"15":0,"16":0,"17":0,"18":0,"19":0,"20":0},"f":{"0":0,"1":0,"2":0},"b":{"0":[0,0],"1":[0,0],"2":[0,0]}}
,"/Users/mxh/Code/my-style/express-admin/src/models/role.js": {"path":"/Users/mxh/Code/my-style/express-admin/src/models/role.js","statementMap":{"0":{"start":{"line":3,"column":19},"end":{"line":45,"column":2}},"1":{"start":{"line":48,"column":0},"end":{"line":51,"column":2}},"2":{"start":{"line":49,"column":2},"end":{"line":49,"column":29}},"3":{"start":{"line":50,"column":2},"end":{"line":50,"column":8}},"4":{"start":{"line":54,"column":13},"end":{"line":54,"column":71}},"5":{"start":{"line":57,"column":25},"end":{"line":101,"column":1}},"6":{"start":{"line":58,"column":2},"end":{"line":100,"column":3}},"7":{"start":{"line":59,"column":4},"end":{"line":59,"column":31}},"8":{"start":{"line":62,"column":22},"end":{"line":62,"column":59}},"9":{"start":{"line":63,"column":21},"end":{"line":63,"column":57}},"10":{"start":{"line":66,"column":4},"end":{"line":76,"column":5}},"11":{"start":{"line":67,"column":6},"end":{"line":74,"column":8}},"12":{"start":{"line":75,"column":6},"end":{"line":75,"column":30}},"13":{"start":{"line":79,"column":4},"end":{"line":89,"column":5}},"14":{"start":{"line":80,"column":6},"end":{"line":87,"column":8}},"15":{"start":{"line":88,"column":6},"end":{"line":88,"column":31}},"16":{"start":{"line":91,"column":4},"end":{"line":91,"column":28}},"17":{"start":{"line":93,"column":4},"end":{"line":93,"column":38}},"18":{"start":{"line":96,"column":4},"end":{"line":99,"column":5}},"19":{"start":{"line":97,"column":6},"end":{"line":97,"column":53}},"20":{"start":{"line":98,"column":6},"end":{"line":98,"column":62}},"21":{"start":{"line":98,"column":23},"end":{"line":98,"column":55}}},"fnMap":{"0":{"name":"(anonymous_0)","decl":{"start":{"line":48,"column":23},"end":{"line":48,"column":24}},"loc":{"start":{"line":48,"column":38},"end":{"line":51,"column":1}},"line":48},"1":{"name":"(anonymous_1)","decl":{"start":{"line":57,"column":25},"end":{"line":57,"column":26}},"loc":{"start":{"line":57,"column":51},"end":{"line":101,"column":1}},"line":57},"2":{"name":"(anonymous_2)","decl":{"start":{"line":98,"column":17},"end":{"line":98,"column":18}},"loc":{"start":{"line":98,"column":23},"end":{"line":98,"column":55}},"line":98}},"branchMap":{"0":{"loc":{"start":{"line":54,"column":13},"end":{"line":54,"column":71}},"type":"binary-expr","locations":[{"start":{"line":54,"column":13},"end":{"line":54,"column":33}},{"start":{"line":54,"column":37},"end":{"line":54,"column":71}}],"line":54},"1":{"loc":{"start":{"line":57,"column":32},"end":{"line":57,"column":46}},"type":"default-arg","locations":[{"start":{"line":57,"column":45},"end":{"line":57,"column":46}}],"line":57},"2":{"loc":{"start":{"line":66,"column":4},"end":{"line":76,"column":5}},"type":"if","locations":[{"start":{"line":66,"column":4},"end":{"line":76,"column":5}},{"start":{},"end":{}}],"line":66},"3":{"loc":{"start":{"line":79,"column":4},"end":{"line":89,"column":5}},"type":"if","locations":[{"start":{"line":79,"column":4},"end":{"line":89,"column":5}},{"start":{},"end":{}}],"line":79},"4":{"loc":{"start":{"line":96,"column":4},"end":{"line":99,"column":5}},"type":"if","locations":[{"start":{"line":96,"column":4},"end":{"line":99,"column":5}},{"start":{},"end":{}}],"line":96},"5":{"loc":{"start":{"line":96,"column":8},"end":{"line":96,"column":107}},"type":"binary-expr","locations":[{"start":{"line":96,"column":9},"end":{"line":96,"column":48}},{"start":{"line":96,"column":52},"end":{"line":96,"column":88}},{"start":{"line":96,"column":93},"end":{"line":96,"column":107}}],"line":96}},"s":{"0":0,"1":0,"2":0,"3":0,"4":0,"5":0,"6":0,"7":0,"8":0,"9":0,"10":0,"11":0,"12":0,"13":0,"14":0,"15":0,"16":0,"17":0,"18":0,"19":0,"20":0,"21":0},"f":{"0":0,"1":0,"2":0},"b":{"0":[0,0],"1":[0],"2":[0,0],"3":[0,0],"4":[0,0],"5":[0,0,0]}}
,"/Users/mxh/Code/my-style/express-admin/src/models/user.js": {"path":"/Users/mxh/Code/my-style/express-admin/src/models/user.js","statementMap":{"0":{"start":{"line":3,"column":19},"end":{"line":55,"column":2}},"1":{"start":{"line":25,"column":8},"end":{"line":25,"column":27}},"2":{"start":{"line":25,"column":16},"end":{"line":25,"column":27}},"3":{"start":{"line":27,"column":8},"end":{"line":27,"column":34}},"4":{"start":{"line":58,"column":0},"end":{"line":61,"column":2}},"5":{"start":{"line":59,"column":2},"end":{"line":59,"column":29}},"6":{"start":{"line":60,"column":2},"end":{"line":60,"column":8}},"7":{"start":{"line":64,"column":13},"end":{"line":64,"column":71}}},"fnMap":{"0":{"name":"(anonymous_0)","decl":{"start":{"line":23,"column":17},"end":{"line":23,"column":18}},"loc":{"start":{"line":23,"column":29},"end":{"line":28,"column":7}},"line":23},"1":{"name":"(anonymous_1)","decl":{"start":{"line":58,"column":23},"end":{"line":58,"column":24}},"loc":{"start":{"line":58,"column":39},"end":{"line":61,"column":1}},"line":58}},"branchMap":{"0":{"loc":{"start":{"line":25,"column":8},"end":{"line":25,"column":27}},"type":"if","locations":[{"start":{"line":25,"column":8},"end":{"line":25,"column":27}},{"start":{},"end":{}}],"line":25},"1":{"loc":{"start":{"line":64,"column":13},"end":{"line":64,"column":71}},"type":"binary-expr","locations":[{"start":{"line":64,"column":13},"end":{"line":64,"column":33}},{"start":{"line":64,"column":37},"end":{"line":64,"column":71}}],"line":64}},"s":{"0":0,"1":0,"2":0,"3":0,"4":0,"5":0,"6":0,"7":0},"f":{"0":0,"1":0},"b":{"0":[0,0],"1":[0,0]}}
,"/Users/mxh/Code/my-style/express-admin/src/routes/auth.js": {"path":"/Users/mxh/Code/my-style/express-admin/src/routes/auth.js","statementMap":{"0":{"start":{"line":8,"column":15},"end":{"line":8,"column":31}},"1":{"start":{"line":11,"column":0},"end":{"line":131,"column":2}},"2":{"start":{"line":12,"column":2},"end":{"line":130,"column":3}},"3":{"start":{"line":13,"column":55},"end":{"line":13,"column":63}},"4":{"start":{"line":15,"column":4},"end":{"line":20,"column":5}},"5":{"start":{"line":16,"column":6},"end":{"line":19,"column":8}},"6":{"start":{"line":23,"column":15},"end":{"line":23,"column":67}},"7":{"start":{"line":26,"column":4},"end":{"line":28,"column":5}},"8":{"start":{"line":27,"column":6},"end":{"line":27,"column":72}},"9":{"start":{"line":30,"column":4},"end":{"line":45,"column":5}},"10":{"start":{"line":32,"column":6},"end":{"line":39,"column":8}},"11":{"start":{"line":41,"column":6},"end":{"line":44,"column":8}},"12":{"start":{"line":48,"column":4},"end":{"line":64,"column":5}},"13":{"start":{"line":50,"column":6},"end":{"line":58,"column":8}},"14":{"start":{"line":60,"column":6},"end":{"line":63,"column":8}},"15":{"start":{"line":67,"column":28},"end":{"line":67,"column":73}},"16":{"start":{"line":68,"column":4},"end":{"line":84,"column":5}},"17":{"start":{"line":70,"column":6},"end":{"line":78,"column":8}},"18":{"start":{"line":80,"column":6},"end":{"line":83,"column":8}},"19":{"start":{"line":87,"column":4},"end":{"line":87,"column":33}},"20":{"start":{"line":88,"column":4},"end":{"line":88,"column":21}},"21":{"start":{"line":91,"column":18},"end":{"line":95,"column":5}},"22":{"start":{"line":98,"column":4},"end":{"line":105,"column":6}},"23":{"start":{"line":108,"column":25},"end":{"line":118,"column":5}},"24":{"start":{"line":120,"column":4},"end":{"line":127,"column":6}},"25":{"start":{"line":129,"column":4},"end":{"line":129,"column":32}},"26":{"start":{"line":134,"column":0},"end":{"line":175,"column":2}},"27":{"start":{"line":135,"column":2},"end":{"line":174,"column":3}},"28":{"start":{"line":136,"column":18},"end":{"line":136,"column":67}},"29":{"start":{"line":138,"column":4},"end":{"line":143,"column":5}},"30":{"start":{"line":139,"column":6},"end":{"line":142,"column":8}},"31":{"start":{"line":145,"column":20},"end":{"line":145,"column":61}},"32":{"start":{"line":146,"column":17},"end":{"line":146,"column":72}},"33":{"start":{"line":148,"column":4},"end":{"line":153,"column":5}},"34":{"start":{"line":149,"column":6},"end":{"line":152,"column":8}},"35":{"start":{"line":155,"column":4},"end":{"line":159,"column":6}},"36":{"start":{"line":161,"column":4},"end":{"line":166,"column":5}},"37":{"start":{"line":162,"column":6},"end":{"line":165,"column":8}},"38":{"start":{"line":167,"column":4},"end":{"line":172,"column":5}},"39":{"start":{"line":168,"column":6},"end":{"line":171,"column":8}},"40":{"start":{"line":173,"column":4},"end":{"line":173,"column":32}}},"fnMap":{"0":{"name":"(anonymous_0)","decl":{"start":{"line":11,"column":26},"end":{"line":11,"column":27}},"loc":{"start":{"line":11,"column":46},"end":{"line":131,"column":1}},"line":11},"1":{"name":"(anonymous_1)","decl":{"start":{"line":134,"column":27},"end":{"line":134,"column":28}},"loc":{"start":{"line":134,"column":47},"end":{"line":175,"column":1}},"line":134}},"branchMap":{"0":{"loc":{"start":{"line":13,"column":32},"end":{"line":13,"column":50}},"type":"default-arg","locations":[{"start":{"line":13,"column":46},"end":{"line":13,"column":50}}],"line":13},"1":{"loc":{"start":{"line":15,"column":4},"end":{"line":20,"column":5}},"type":"if","locations":[{"start":{"line":15,"column":4},"end":{"line":20,"column":5}},{"start":{},"end":{}}],"line":15},"2":{"loc":{"start":{"line":15,"column":8},"end":{"line":15,"column":30}},"type":"binary-expr","locations":[{"start":{"line":15,"column":8},"end":{"line":15,"column":17}},{"start":{"line":15,"column":21},"end":{"line":15,"column":30}}],"line":15},"3":{"loc":{"start":{"line":26,"column":4},"end":{"line":28,"column":5}},"type":"if","locations":[{"start":{"line":26,"column":4},"end":{"line":28,"column":5}},{"start":{},"end":{}}],"line":26},"4":{"loc":{"start":{"line":26,"column":8},"end":{"line":26,"column":43}},"type":"binary-expr","locations":[{"start":{"line":26,"column":8},"end":{"line":26,"column":13}},{"start":{"line":26,"column":17},"end":{"line":26,"column":43}}],"line":26},"5":{"loc":{"start":{"line":30,"column":4},"end":{"line":45,"column":5}},"type":"if","locations":[{"start":{"line":30,"column":4},"end":{"line":45,"column":5}},{"start":{},"end":{}}],"line":30},"6":{"loc":{"start":{"line":34,"column":19},"end":{"line":34,"column":57}},"type":"binary-expr","locations":[{"start":{"line":34,"column":19},"end":{"line":34,"column":25}},{"start":{"line":34,"column":29},"end":{"line":34,"column":57}}],"line":34},"7":{"loc":{"start":{"line":35,"column":19},"end":{"line":35,"column":50}},"type":"binary-expr","locations":[{"start":{"line":35,"column":19},"end":{"line":35,"column":44}},{"start":{"line":35,"column":48},"end":{"line":35,"column":50}}],"line":35},"8":{"loc":{"start":{"line":48,"column":4},"end":{"line":64,"column":5}},"type":"if","locations":[{"start":{"line":48,"column":4},"end":{"line":64,"column":5}},{"start":{},"end":{}}],"line":48},"9":{"loc":{"start":{"line":53,"column":19},"end":{"line":53,"column":57}},"type":"binary-expr","locations":[{"start":{"line":53,"column":19},"end":{"line":53,"column":25}},{"start":{"line":53,"column":29},"end":{"line":53,"column":57}}],"line":53},"10":{"loc":{"start":{"line":54,"column":19},"end":{"line":54,"column":50}},"type":"binary-expr","locations":[{"start":{"line":54,"column":19},"end":{"line":54,"column":44}},{"start":{"line":54,"column":48},"end":{"line":54,"column":50}}],"line":54},"11":{"loc":{"start":{"line":68,"column":4},"end":{"line":84,"column":5}},"type":"if","locations":[{"start":{"line":68,"column":4},"end":{"line":84,"column":5}},{"start":{},"end":{}}],"line":68},"12":{"loc":{"start":{"line":73,"column":19},"end":{"line":73,"column":57}},"type":"binary-expr","locations":[{"start":{"line":73,"column":19},"end":{"line":73,"column":25}},{"start":{"line":73,"column":29},"end":{"line":73,"column":57}}],"line":73},"13":{"loc":{"start":{"line":74,"column":19},"end":{"line":74,"column":50}},"type":"binary-expr","locations":[{"start":{"line":74,"column":19},"end":{"line":74,"column":44}},{"start":{"line":74,"column":48},"end":{"line":74,"column":50}}],"line":74},"14":{"loc":{"start":{"line":101,"column":17},"end":{"line":101,"column":55}},"type":"binary-expr","locations":[{"start":{"line":101,"column":17},"end":{"line":101,"column":23}},{"start":{"line":101,"column":27},"end":{"line":101,"column":55}}],"line":101},"15":{"loc":{"start":{"line":102,"column":17},"end":{"line":102,"column":48}},"type":"binary-expr","locations":[{"start":{"line":102,"column":17},"end":{"line":102,"column":42}},{"start":{"line":102,"column":46},"end":{"line":102,"column":48}}],"line":102},"16":{"loc":{"start":{"line":138,"column":4},"end":{"line":143,"column":5}},"type":"if","locations":[{"start":{"line":138,"column":4},"end":{"line":143,"column":5}},{"start":{},"end":{}}],"line":138},"17":{"loc":{"start":{"line":148,"column":4},"end":{"line":153,"column":5}},"type":"if","locations":[{"start":{"line":148,"column":4},"end":{"line":153,"column":5}},{"start":{},"end":{}}],"line":148},"18":{"loc":{"start":{"line":161,"column":4},"end":{"line":166,"column":5}},"type":"if","locations":[{"start":{"line":161,"column":4},"end":{"line":166,"column":5}},{"start":{},"end":{}}],"line":161},"19":{"loc":{"start":{"line":167,"column":4},"end":{"line":172,"column":5}},"type":"if","locations":[{"start":{"line":167,"column":4},"end":{"line":172,"column":5}},{"start":{},"end":{}}],"line":167}},"s":{"0":0,"1":0,"2":0,"3":0,"4":0,"5":0,"6":0,"7":0,"8":0,"9":0,"10":0,"11":0,"12":0,"13":0,"14":0,"15":0,"16":0,"17":0,"18":0,"19":0,"20":0,"21":0,"22":0,"23":0,"24":0,"25":0,"26":0,"27":0,"28":0,"29":0,"30":0,"31":0,"32":0,"33":0,"34":0,"35":0,"36":0,"37":0,"38":0,"39":0,"40":0},"f":{"0":0,"1":0},"b":{"0":[0],"1":[0,0],"2":[0,0],"3":[0,0],"4":[0,0],"5":[0,0],"6":[0,0],"7":[0,0],"8":[0,0],"9":[0,0],"10":[0,0],"11":[0,0],"12":[0,0],"13":[0,0],"14":[0,0],"15":[0,0],"16":[0,0],"17":[0,0],"18":[0,0],"19":[0,0]}}
,"/Users/mxh/Code/my-style/express-admin/src/routes/chat.js": {"path":"/Users/mxh/Code/my-style/express-admin/src/routes/chat.js","statementMap":{"0":{"start":{"line":5,"column":15},"end":{"line":5,"column":31}},"1":{"start":{"line":8,"column":26},"end":{"line":12,"column":1}},"2":{"start":{"line":15,"column":0},"end":{"line":15,"column":67}},"3":{"start":{"line":16,"column":0},"end":{"line":16,"column":49}},"4":{"start":{"line":17,"column":0},"end":{"line":17,"column":54}}},"fnMap":{},"branchMap":{},"s":{"0":0,"1":0,"2":0,"3":0,"4":0},"f":{},"b":{}}
,"/Users/mxh/Code/my-style/express-admin/src/routes/files.js": {"path":"/Users/mxh/Code/my-style/express-admin/src/routes/files.js","statementMap":{"0":{"start":{"line":6,"column":15},"end":{"line":6,"column":31}},"1":{"start":{"line":9,"column":0},"end":{"line":78,"column":2}},"2":{"start":{"line":10,"column":2},"end":{"line":77,"column":3}},"3":{"start":{"line":11,"column":33},"end":{"line":11,"column":43}},"4":{"start":{"line":12,"column":37},"end":{"line":12,"column":46}},"5":{"start":{"line":13,"column":22},"end":{"line":13,"column":56}},"6":{"start":{"line":14,"column":23},"end":{"line":14,"column":103}},"7":{"start":{"line":17,"column":4},"end":{"line":22,"column":5}},"8":{"start":{"line":18,"column":6},"end":{"line":21,"column":8}},"9":{"start":{"line":25,"column":18},"end":{"line":25,"column":41}},"10":{"start":{"line":28,"column":4},"end":{"line":58,"column":5}},"11":{"start":{"line":29,"column":20},"end":{"line":29,"column":46}},"12":{"start":{"line":30,"column":26},"end":{"line":40,"column":8}},"13":{"start":{"line":31,"column":25},"end":{"line":31,"column":52}},"14":{"start":{"line":32,"column":26},"end":{"line":32,"column":47}},"15":{"start":{"line":33,"column":8},"end":{"line":39,"column":9}},"16":{"start":{"line":43,"column":20},"end":{"line":43,"column":38}},"17":{"start":{"line":44,"column":25},"end":{"line":44,"column":43}},"18":{"start":{"line":45,"column":23},"end":{"line":45,"column":51}},"19":{"start":{"line":46,"column":23},"end":{"line":46,"column":62}},"20":{"start":{"line":48,"column":6},"end":{"line":57,"column":8}},"21":{"start":{"line":61,"column":4},"end":{"line":68,"column":5}},"22":{"start":{"line":62,"column":22},"end":{"line":62,"column":58}},"23":{"start":{"line":63,"column":6},"end":{"line":67,"column":8}},"24":{"start":{"line":71,"column":4},"end":{"line":74,"column":6}},"25":{"start":{"line":76,"column":4},"end":{"line":76,"column":30}}},"fnMap":{"0":{"name":"(anonymous_0)","decl":{"start":{"line":9,"column":45},"end":{"line":9,"column":46}},"loc":{"start":{"line":9,"column":59},"end":{"line":78,"column":1}},"line":9},"1":{"name":"(anonymous_1)","decl":{"start":{"line":30,"column":36},"end":{"line":30,"column":37}},"loc":{"start":{"line":30,"column":46},"end":{"line":40,"column":7}},"line":30}},"branchMap":{"0":{"loc":{"start":{"line":12,"column":12},"end":{"line":12,"column":20}},"type":"default-arg","locations":[{"start":{"line":12,"column":19},"end":{"line":12,"column":20}}],"line":12},"1":{"loc":{"start":{"line":12,"column":22},"end":{"line":12,"column":32}},"type":"default-arg","locations":[{"start":{"line":12,"column":30},"end":{"line":12,"column":32}}],"line":12},"2":{"loc":{"start":{"line":14,"column":23},"end":{"line":14,"column":103}},"type":"cond-expr","locations":[{"start":{"line":14,"column":34},"end":{"line":14,"column":72}},{"start":{"line":14,"column":75},"end":{"line":14,"column":103}}],"line":14},"3":{"loc":{"start":{"line":17,"column":4},"end":{"line":22,"column":5}},"type":"if","locations":[{"start":{"line":17,"column":4},"end":{"line":22,"column":5}},{"start":{},"end":{}}],"line":17},"4":{"loc":{"start":{"line":28,"column":4},"end":{"line":58,"column":5}},"type":"if","locations":[{"start":{"line":28,"column":4},"end":{"line":58,"column":5}},{"start":{},"end":{}}],"line":28},"5":{"loc":{"start":{"line":35,"column":34},"end":{"line":35,"column":48}},"type":"binary-expr","locations":[{"start":{"line":35,"column":34},"end":{"line":35,"column":42}},{"start":{"line":35,"column":46},"end":{"line":35,"column":48}}],"line":35},"6":{"loc":{"start":{"line":61,"column":4},"end":{"line":68,"column":5}},"type":"if","locations":[{"start":{"line":61,"column":4},"end":{"line":68,"column":5}},{"start":{},"end":{}}],"line":61},"7":{"loc":{"start":{"line":61,"column":8},"end":{"line":61,"column":62}},"type":"binary-expr","locations":[{"start":{"line":61,"column":8},"end":{"line":61,"column":22}},{"start":{"line":61,"column":26},"end":{"line":61,"column":62}}],"line":61}},"s":{"0":0,"1":0,"2":0,"3":0,"4":0,"5":0,"6":0,"7":0,"8":0,"9":0,"10":0,"11":0,"12":0,"13":0,"14":0,"15":0,"16":0,"17":0,"18":0,"19":0,"20":0,"21":0,"22":0,"23":0,"24":0,"25":0},"f":{"0":0,"1":0},"b":{"0":[0],"1":[0],"2":[0,0],"3":[0,0],"4":[0,0],"5":[0,0],"6":[0,0],"7":[0,0]}}
,"/Users/mxh/Code/my-style/express-admin/src/routes/index.js": {"path":"/Users/mxh/Code/my-style/express-admin/src/routes/index.js","statementMap":{},"fnMap":{},"branchMap":{},"s":{},"f":{},"b":{}}
,"/Users/mxh/Code/my-style/express-admin/src/routes/login.js": {"path":"/Users/mxh/Code/my-style/express-admin/src/routes/login.js","statementMap":{"0":{"start":{"line":11,"column":15},"end":{"line":11,"column":31}},"1":{"start":{"line":14,"column":23},"end":{"line":14,"column":32}},"2":{"start":{"line":17,"column":16},"end":{"line":19,"column":1}},"3":{"start":{"line":18,"column":2},"end":{"line":18,"column":34}},"4":{"start":{"line":22,"column":16},"end":{"line":26,"column":1}},"5":{"start":{"line":23,"column":2},"end":{"line":23,"column":33}},"6":{"start":{"line":25,"column":2},"end":{"line":25,"column":55}},"7":{"start":{"line":25,"column":19},"end":{"line":25,"column":47}},"8":{"start":{"line":29,"column":20},"end":{"line":36,"column":1}},"9":{"start":{"line":30,"column":2},"end":{"line":35,"column":3}},"10":{"start":{"line":39,"column":19},"end":{"line":56,"column":1}},"11":{"start":{"line":40,"column":2},"end":{"line":55,"column":3}},"12":{"start":{"line":41,"column":4},"end":{"line":48,"column":6}},"13":{"start":{"line":49,"column":4},"end":{"line":49,"column":23}},"14":{"start":{"line":50,"column":4},"end":{"line":52,"column":5}},"15":{"start":{"line":51,"column":6},"end":{"line":51,"column":64}},"16":{"start":{"line":54,"column":4},"end":{"line":54,"column":35}},"17":{"start":{"line":59,"column":23},"end":{"line":62,"column":1}},"18":{"start":{"line":60,"column":25},"end":{"line":60,"column":81}},"19":{"start":{"line":61,"column":2},"end":{"line":61,"column":84}},"20":{"start":{"line":61,"column":42},"end":{"line":61,"column":69}},"21":{"start":{"line":65,"column":0},"end":{"line":135,"column":2}},"22":{"start":{"line":66,"column":2},"end":{"line":134,"column":3}},"23":{"start":{"line":67,"column":35},"end":{"line":67,"column":43}},"24":{"start":{"line":68,"column":4},"end":{"line":70,"column":5}},"25":{"start":{"line":69,"column":6},"end":{"line":69,"column":68}},"26":{"start":{"line":71,"column":4},"end":{"line":73,"column":5}},"27":{"start":{"line":72,"column":6},"end":{"line":72,"column":63}},"28":{"start":{"line":75,"column":4},"end":{"line":77,"column":5}},"29":{"start":{"line":76,"column":6},"end":{"line":76,"column":72}},"30":{"start":{"line":80,"column":15},"end":{"line":80,"column":47}},"31":{"start":{"line":83,"column":4},"end":{"line":85,"column":5}},"32":{"start":{"line":84,"column":6},"end":{"line":84,"column":52}},"33":{"start":{"line":88,"column":4},"end":{"line":90,"column":5}},"34":{"start":{"line":89,"column":6},"end":{"line":89,"column":80}},"35":{"start":{"line":93,"column":4},"end":{"line":95,"column":5}},"36":{"start":{"line":94,"column":6},"end":{"line":94,"column":81}},"37":{"start":{"line":98,"column":20},"end":{"line":98,"column":65}},"38":{"start":{"line":99,"column":4},"end":{"line":101,"column":5}},"39":{"start":{"line":100,"column":6},"end":{"line":100,"column":80}},"40":{"start":{"line":103,"column":18},"end":{"line":111,"column":5}},"41":{"start":{"line":113,"column":4},"end":{"line":113,"column":33}},"42":{"start":{"line":114,"column":4},"end":{"line":114,"column":21}},"43":{"start":{"line":115,"column":4},"end":{"line":115,"column":51}},"44":{"start":{"line":116,"column":4},"end":{"line":131,"column":6}},"45":{"start":{"line":133,"column":4},"end":{"line":133,"column":30}},"46":{"start":{"line":138,"column":0},"end":{"line":175,"column":2}},"47":{"start":{"line":139,"column":2},"end":{"line":174,"column":3}},"48":{"start":{"line":141,"column":88},"end":{"line":141,"column":97}},"49":{"start":{"line":144,"column":18},"end":{"line":144,"column":20}},"50":{"start":{"line":145,"column":4},"end":{"line":145,"column":60}},"51":{"start":{"line":145,"column":18},"end":{"line":145,"column":60}},"52":{"start":{"line":146,"column":4},"end":{"line":146,"column":37}},"53":{"start":{"line":146,"column":16},"end":{"line":146,"column":37}},"54":{"start":{"line":147,"column":4},"end":{"line":147,"column":52}},"55":{"start":{"line":147,"column":21},"end":{"line":147,"column":52}},"56":{"start":{"line":148,"column":4},"end":{"line":152,"column":5}},"57":{"start":{"line":149,"column":6},"end":{"line":149,"column":26}},"58":{"start":{"line":150,"column":6},"end":{"line":150,"column":63}},"59":{"start":{"line":150,"column":21},"end":{"line":150,"column":63}},"60":{"start":{"line":151,"column":6},"end":{"line":151,"column":59}},"61":{"start":{"line":151,"column":19},"end":{"line":151,"column":59}},"62":{"start":{"line":155,"column":18},"end":{"line":155,"column":54}},"63":{"start":{"line":156,"column":17},"end":{"line":160,"column":43}},"64":{"start":{"line":162,"column":4},"end":{"line":171,"column":6}},"65":{"start":{"line":173,"column":4},"end":{"line":173,"column":30}},"66":{"start":{"line":178,"column":0},"end":{"line":239,"column":2}},"67":{"start":{"line":179,"column":2},"end":{"line":238,"column":3}},"68":{"start":{"line":180,"column":49},"end":{"line":180,"column":57}},"69":{"start":{"line":182,"column":4},"end":{"line":191,"column":5}},"70":{"start":{"line":190,"column":6},"end":{"line":190,"column":74}},"71":{"start":{"line":194,"column":4},"end":{"line":196,"column":5}},"72":{"start":{"line":195,"column":6},"end":{"line":195,"column":69}},"73":{"start":{"line":199,"column":4},"end":{"line":201,"column":5}},"74":{"start":{"line":200,"column":6},"end":{"line":200,"column":68}},"75":{"start":{"line":204,"column":22},"end":{"line":204,"column":54}},"76":{"start":{"line":205,"column":4},"end":{"line":207,"column":5}},"77":{"start":{"line":206,"column":6},"end":{"line":206,"column":67}},"78":{"start":{"line":210,"column":23},"end":{"line":210,"column":52}},"79":{"start":{"line":211,"column":4},"end":{"line":213,"column":5}},"80":{"start":{"line":212,"column":6},"end":{"line":212,"column":66}},"81":{"start":{"line":216,"column":4},"end":{"line":221,"column":5}},"82":{"start":{"line":217,"column":25},"end":{"line":217,"column":54}},"83":{"start":{"line":218,"column":6},"end":{"line":220,"column":7}},"84":{"start":{"line":219,"column":8},"end":{"line":219,"column":69}},"85":{"start":{"line":224,"column":27},"end":{"line":224,"column":58}},"86":{"start":{"line":226,"column":17},"end":{"line":233,"column":6}},"87":{"start":{"line":234,"column":4},"end":{"line":234,"column":21}},"88":{"start":{"line":235,"column":4},"end":{"line":235,"column":42}},"89":{"start":{"line":237,"column":4},"end":{"line":237,"column":30}},"90":{"start":{"line":242,"column":0},"end":{"line":256,"column":2}},"91":{"start":{"line":243,"column":2},"end":{"line":255,"column":3}},"92":{"start":{"line":244,"column":17},"end":{"line":244,"column":69}},"93":{"start":{"line":245,"column":4},"end":{"line":247,"column":5}},"94":{"start":{"line":246,"column":6},"end":{"line":246,"column":66}},"95":{"start":{"line":248,"column":4},"end":{"line":252,"column":6}},"96":{"start":{"line":254,"column":4},"end":{"line":254,"column":30}},"97":{"start":{"line":259,"column":0},"end":{"line":292,"column":2}},"98":{"start":{"line":260,"column":2},"end":{"line":291,"column":3}},"99":{"start":{"line":261,"column":29},"end":{"line":261,"column":37}},"100":{"start":{"line":262,"column":17},"end":{"line":262,"column":49}},"101":{"start":{"line":263,"column":4},"end":{"line":265,"column":5}},"102":{"start":{"line":264,"column":6},"end":{"line":264,"column":66}},"103":{"start":{"line":267,"column":4},"end":{"line":272,"column":5}},"104":{"start":{"line":268,"column":25},"end":{"line":268,"column":81}},"105":{"start":{"line":269,"column":6},"end":{"line":271,"column":7}},"106":{"start":{"line":270,"column":8},"end":{"line":270,"column":74}},"107":{"start":{"line":274,"column":4},"end":{"line":279,"column":5}},"108":{"start":{"line":275,"column":25},"end":{"line":275,"column":81}},"109":{"start":{"line":276,"column":6},"end":{"line":278,"column":7}},"110":{"start":{"line":277,"column":8},"end":{"line":277,"column":73}},"111":{"start":{"line":281,"column":4},"end":{"line":281,"column":33}},"112":{"start":{"line":281,"column":15},"end":{"line":281,"column":33}},"113":{"start":{"line":282,"column":4},"end":{"line":282,"column":33}},"114":{"start":{"line":282,"column":15},"end":{"line":282,"column":33}},"115":{"start":{"line":283,"column":4},"end":{"line":283,"column":21}},"116":{"start":{"line":284,"column":4},"end":{"line":288,"column":6}},"117":{"start":{"line":290,"column":4},"end":{"line":290,"column":30}},"118":{"start":{"line":295,"column":0},"end":{"line":318,"column":2}},"119":{"start":{"line":296,"column":2},"end":{"line":317,"column":3}},"120":{"start":{"line":297,"column":41},"end":{"line":297,"column":49}},"121":{"start":{"line":298,"column":4},"end":{"line":300,"column":5}},"122":{"start":{"line":299,"column":6},"end":{"line":299,"column":72}},"123":{"start":{"line":301,"column":17},"end":{"line":301,"column":69}},"124":{"start":{"line":302,"column":4},"end":{"line":304,"column":5}},"125":{"start":{"line":303,"column":6},"end":{"line":303,"column":66}},"126":{"start":{"line":306,"column":20},"end":{"line":306,"column":68}},"127":{"start":{"line":307,"column":4},"end":{"line":309,"column":5}},"128":{"start":{"line":308,"column":6},"end":{"line":308,"column":66}},"129":{"start":{"line":311,"column":27},"end":{"line":311,"column":61}},"130":{"start":{"line":312,"column":4},"end":{"line":312,"column":34}},"131":{"start":{"line":313,"column":4},"end":{"line":313,"column":21}},"132":{"start":{"line":314,"column":4},"end":{"line":314,"column":44}},"133":{"start":{"line":316,"column":4},"end":{"line":316,"column":30}},"134":{"start":{"line":321,"column":0},"end":{"line":337,"column":2}},"135":{"start":{"line":322,"column":2},"end":{"line":336,"column":3}},"136":{"start":{"line":323,"column":22},"end":{"line":323,"column":30}},"137":{"start":{"line":324,"column":4},"end":{"line":326,"column":5}},"138":{"start":{"line":325,"column":6},"end":{"line":325,"column":68}},"139":{"start":{"line":328,"column":17},"end":{"line":328,"column":71}},"140":{"start":{"line":330,"column":4},"end":{"line":330,"column":24}},"141":{"start":{"line":332,"column":4},"end":{"line":332,"column":31}},"142":{"start":{"line":333,"column":4},"end":{"line":333,"column":45}},"143":{"start":{"line":335,"column":4},"end":{"line":335,"column":30}},"144":{"start":{"line":340,"column":0},"end":{"line":366,"column":2}},"145":{"start":{"line":341,"column":2},"end":{"line":365,"column":3}},"146":{"start":{"line":342,"column":41},"end":{"line":342,"column":49}},"147":{"start":{"line":343,"column":4},"end":{"line":345,"column":5}},"148":{"start":{"line":344,"column":6},"end":{"line":344,"column":75}},"149":{"start":{"line":347,"column":23},"end":{"line":347,"column":37}},"150":{"start":{"line":348,"column":4},"end":{"line":350,"column":5}},"151":{"start":{"line":349,"column":6},"end":{"line":349,"column":70}},"152":{"start":{"line":352,"column":17},"end":{"line":352,"column":46}},"153":{"start":{"line":353,"column":4},"end":{"line":355,"column":5}},"154":{"start":{"line":354,"column":6},"end":{"line":354,"column":66}},"155":{"start":{"line":357,"column":27},"end":{"line":357,"column":61}},"156":{"start":{"line":358,"column":4},"end":{"line":358,"column":34}},"157":{"start":{"line":359,"column":4},"end":{"line":359,"column":21}},"158":{"start":{"line":361,"column":4},"end":{"line":361,"column":32}},"159":{"start":{"line":362,"column":4},"end":{"line":362,"column":44}},"160":{"start":{"line":364,"column":4},"end":{"line":364,"column":30}}},"fnMap":{"0":{"name":"(anonymous_0)","decl":{"start":{"line":17,"column":16},"end":{"line":17,"column":17}},"loc":{"start":{"line":17,"column":27},"end":{"line":19,"column":1}},"line":17},"1":{"name":"(anonymous_1)","decl":{"start":{"line":22,"column":16},"end":{"line":22,"column":17}},"loc":{"start":{"line":22,"column":33},"end":{"line":26,"column":1}},"line":22},"2":{"name":"(anonymous_2)","decl":{"start":{"line":25,"column":13},"end":{"line":25,"column":14}},"loc":{"start":{"line":25,"column":19},"end":{"line":25,"column":47}},"line":25},"3":{"name":"(anonymous_3)","decl":{"start":{"line":29,"column":20},"end":{"line":29,"column":21}},"loc":{"start":{"line":29,"column":29},"end":{"line":36,"column":1}},"line":29},"4":{"name":"(anonymous_4)","decl":{"start":{"line":39,"column":19},"end":{"line":39,"column":20}},"loc":{"start":{"line":39,"column":84},"end":{"line":56,"column":1}},"line":39},"5":{"name":"(anonymous_5)","decl":{"start":{"line":59,"column":23},"end":{"line":59,"column":24}},"loc":{"start":{"line":59,"column":38},"end":{"line":62,"column":1}},"line":59},"6":{"name":"(anonymous_6)","decl":{"start":{"line":61,"column":29},"end":{"line":61,"column":30}},"loc":{"start":{"line":61,"column":42},"end":{"line":61,"column":69}},"line":61},"7":{"name":"(anonymous_7)","decl":{"start":{"line":65,"column":26},"end":{"line":65,"column":27}},"loc":{"start":{"line":65,"column":46},"end":{"line":135,"column":1}},"line":65},"8":{"name":"(anonymous_8)","decl":{"start":{"line":138,"column":41},"end":{"line":138,"column":42}},"loc":{"start":{"line":138,"column":61},"end":{"line":175,"column":1}},"line":138},"9":{"name":"(anonymous_9)","decl":{"start":{"line":178,"column":29},"end":{"line":178,"column":30}},"loc":{"start":{"line":178,"column":55},"end":{"line":239,"column":1}},"line":178},"10":{"name":"(anonymous_10)","decl":{"start":{"line":242,"column":38},"end":{"line":242,"column":39}},"loc":{"start":{"line":242,"column":58},"end":{"line":256,"column":1}},"line":242},"11":{"name":"(anonymous_11)","decl":{"start":{"line":259,"column":38},"end":{"line":259,"column":39}},"loc":{"start":{"line":259,"column":58},"end":{"line":292,"column":1}},"line":259},"12":{"name":"(anonymous_12)","decl":{"start":{"line":295,"column":46},"end":{"line":295,"column":47}},"loc":{"start":{"line":295,"column":66},"end":{"line":318,"column":1}},"line":295},"13":{"name":"(anonymous_13)","decl":{"start":{"line":321,"column":36},"end":{"line":321,"column":37}},"loc":{"start":{"line":321,"column":56},"end":{"line":337,"column":1}},"line":321},"14":{"name":"(anonymous_14)","decl":{"start":{"line":340,"column":35},"end":{"line":340,"column":36}},"loc":{"start":{"line":340,"column":55},"end":{"line":366,"column":1}},"line":340}},"branchMap":{"0":{"loc":{"start":{"line":31,"column":4},"end":{"line":34,"column":39}},"type":"binary-expr","locations":[{"start":{"line":31,"column":4},"end":{"line":31,"column":34}},{"start":{"line":32,"column":4},"end":{"line":32,"column":32}},{"start":{"line":33,"column":4},"end":{"line":33,"column":28}},{"start":{"line":34,"column":4},"end":{"line":34,"column":39}}],"line":31},"1":{"loc":{"start":{"line":39,"column":36},"end":{"line":39,"column":46}},"type":"default-arg","locations":[{"start":{"line":39,"column":43},"end":{"line":39,"column":46}}],"line":39},"2":{"loc":{"start":{"line":39,"column":48},"end":{"line":39,"column":65}},"type":"default-arg","locations":[{"start":{"line":39,"column":57},"end":{"line":39,"column":65}}],"line":39},"3":{"loc":{"start":{"line":46,"column":14},"end":{"line":46,"column":32}},"type":"binary-expr","locations":[{"start":{"line":46,"column":14},"end":{"line":46,"column":20}},{"start":{"line":46,"column":24},"end":{"line":46,"column":32}}],"line":46},"4":{"loc":{"start":{"line":50,"column":4},"end":{"line":52,"column":5}},"type":"if","locations":[{"start":{"line":50,"column":4},"end":{"line":52,"column":5}},{"start":{},"end":{}}],"line":50},"5":{"loc":{"start":{"line":61,"column":9},"end":{"line":61,"column":84}},"type":"cond-expr","locations":[{"start":{"line":61,"column":73},"end":{"line":61,"column":77}},{"start":{"line":61,"column":80},"end":{"line":61,"column":84}}],"line":61},"6":{"loc":{"start":{"line":68,"column":4},"end":{"line":70,"column":5}},"type":"if","locations":[{"start":{"line":68,"column":4},"end":{"line":70,"column":5}},{"start":{},"end":{}}],"line":68},"7":{"loc":{"start":{"line":71,"column":4},"end":{"line":73,"column":5}},"type":"if","locations":[{"start":{"line":71,"column":4},"end":{"line":73,"column":5}},{"start":{},"end":{}}],"line":71},"8":{"loc":{"start":{"line":75,"column":4},"end":{"line":77,"column":5}},"type":"if","locations":[{"start":{"line":75,"column":4},"end":{"line":77,"column":5}},{"start":{},"end":{}}],"line":75},"9":{"loc":{"start":{"line":75,"column":8},"end":{"line":75,"column":64}},"type":"binary-expr","locations":[{"start":{"line":75,"column":8},"end":{"line":75,"column":34}},{"start":{"line":75,"column":38},"end":{"line":75,"column":64}}],"line":75},"10":{"loc":{"start":{"line":83,"column":4},"end":{"line":85,"column":5}},"type":"if","locations":[{"start":{"line":83,"column":4},"end":{"line":85,"column":5}},{"start":{},"end":{}}],"line":83},"11":{"loc":{"start":{"line":83,"column":8},"end":{"line":83,"column":43}},"type":"binary-expr","locations":[{"start":{"line":83,"column":8},"end":{"line":83,"column":13}},{"start":{"line":83,"column":17},"end":{"line":83,"column":43}}],"line":83},"12":{"loc":{"start":{"line":88,"column":4},"end":{"line":90,"column":5}},"type":"if","locations":[{"start":{"line":88,"column":4},"end":{"line":90,"column":5}},{"start":{},"end":{}}],"line":88},"13":{"loc":{"start":{"line":93,"column":4},"end":{"line":95,"column":5}},"type":"if","locations":[{"start":{"line":93,"column":4},"end":{"line":95,"column":5}},{"start":{},"end":{}}],"line":93},"14":{"loc":{"start":{"line":99,"column":4},"end":{"line":101,"column":5}},"type":"if","locations":[{"start":{"line":99,"column":4},"end":{"line":101,"column":5}},{"start":{},"end":{}}],"line":99},"15":{"loc":{"start":{"line":141,"column":63},"end":{"line":141,"column":71}},"type":"default-arg","locations":[{"start":{"line":141,"column":70},"end":{"line":141,"column":71}}],"line":141},"16":{"loc":{"start":{"line":141,"column":73},"end":{"line":141,"column":83}},"type":"default-arg","locations":[{"start":{"line":141,"column":81},"end":{"line":141,"column":83}}],"line":141},"17":{"loc":{"start":{"line":145,"column":4},"end":{"line":145,"column":60}},"type":"if","locations":[{"start":{"line":145,"column":4},"end":{"line":145,"column":60}},{"start":{},"end":{}}],"line":145},"18":{"loc":{"start":{"line":146,"column":4},"end":{"line":146,"column":37}},"type":"if","locations":[{"start":{"line":146,"column":4},"end":{"line":146,"column":37}},{"start":{},"end":{}}],"line":146},"19":{"loc":{"start":{"line":147,"column":4},"end":{"line":147,"column":52}},"type":"if","locations":[{"start":{"line":147,"column":4},"end":{"line":147,"column":52}},{"start":{},"end":{}}],"line":147},"20":{"loc":{"start":{"line":148,"column":4},"end":{"line":152,"column":5}},"type":"if","locations":[{"start":{"line":148,"column":4},"end":{"line":152,"column":5}},{"start":{},"end":{}}],"line":148},"21":{"loc":{"start":{"line":148,"column":8},"end":{"line":148,"column":28}},"type":"binary-expr","locations":[{"start":{"line":148,"column":8},"end":{"line":148,"column":17}},{"start":{"line":148,"column":21},"end":{"line":148,"column":28}}],"line":148},"22":{"loc":{"start":{"line":150,"column":6},"end":{"line":150,"column":63}},"type":"if","locations":[{"start":{"line":150,"column":6},"end":{"line":150,"column":63}},{"start":{},"end":{}}],"line":150},"23":{"loc":{"start":{"line":151,"column":6},"end":{"line":151,"column":59}},"type":"if","locations":[{"start":{"line":151,"column":6},"end":{"line":151,"column":59}},{"start":{},"end":{}}],"line":151},"24":{"loc":{"start":{"line":182,"column":4},"end":{"line":191,"column":5}},"type":"if","locations":[{"sta
[...]
,"/Users/mxh/Code/my-style/express-admin/src/services/pusher.js": {"path":"/Users/mxh/Code/my-style/express-admin/src/services/pusher.js","statementMap":{"0":{"start":{"line":4,"column":15},"end":{"line":10,"column":2}},"1":{"start":{"line":13,"column":16},"end":{"line":15,"column":1}},"2":{"start":{"line":14,"column":2},"end":{"line":14,"column":45}},"3":{"start":{"line":18,"column":23},"end":{"line":20,"column":1}},"4":{"start":{"line":19,"column":2},"end":{"line":19,"column":59}},"5":{"start":{"line":23,"column":20},"end":{"line":25,"column":1}},"6":{"start":{"line":24,"column":2},"end":{"line":24,"column":48}},"7":{"start":{"line":28,"column":23},"end":{"line":31,"column":1}},"8":{"start":{"line":29,"column":15},"end":{"line":29,"column":44}},"9":{"start":{"line":30,"column":2},"end":{"line":30,"column":25}}},"fnMap":{"0":{"name":"(anonymous_0)","decl":{"start":{"line":13,"column":16},"end":{"line":13,"column":17}},"loc":{"start":{"line":13,"column":42},"end":{"line":15,"column":1}},"line":13},"1":{"name":"(anonymous_1)","decl":{"start":{"line":18,"column":23},"end":{"line":18,"column":24}},"loc":{"start":{"line":18,"column":42},"end":{"line":20,"column":1}},"line":18},"2":{"name":"(anonymous_2)","decl":{"start":{"line":23,"column":20},"end":{"line":23,"column":21}},"loc":{"start":{"line":23,"column":32},"end":{"line":25,"column":1}},"line":23},"3":{"name":"(anonymous_3)","decl":{"start":{"line":28,"column":23},"end":{"line":28,"column":24}},"loc":{"start":{"line":28,"column":42},"end":{"line":31,"column":1}},"line":28}},"branchMap":{"0":{"loc":{"start":{"line":30,"column":9},"end":{"line":30,"column":25}},"type":"binary-expr","locations":[{"start":{"line":30,"column":9},"end":{"line":30,"column":19}},{"start":{"line":30,"column":23},"end":{"line":30,"column":25}}],"line":30}},"s":{"0":0,"1":0,"2":0,"3":0,"4":0,"5":0,"6":0,"7":0,"8":0,"9":0},"f":{"0":0,"1":0,"2":0,"3":0},"b":{"0":[0,0]}}
,"/Users/mxh/Code/my-style/express-admin/src/services/websocket.js": {"path":"/Users/mxh/Code/my-style/express-admin/src/services/websocket.js","statementMap":{"0":{"start":{"line":5,"column":4},"end":{"line":5,"column":19}},"1":{"start":{"line":6,"column":4},"end":{"line":6,"column":28}},"2":{"start":{"line":11,"column":4},"end":{"line":11,"column":46}},"3":{"start":{"line":13,"column":4},"end":{"line":53,"column":6}},"4":{"start":{"line":14,"column":6},"end":{"line":52,"column":7}},"5":{"start":{"line":16,"column":25},"end":{"line":16,"column":64}},"6":{"start":{"line":19,"column":8},"end":{"line":22,"column":10}},"7":{"start":{"line":25,"column":8},"end":{"line":36,"column":10}},"8":{"start":{"line":26,"column":10},"end":{"line":35,"column":11}},"9":{"start":{"line":27,"column":25},"end":{"line":27,"column":44}},"10":{"start":{"line":28,"column":12},"end":{"line":28,"column":50}},"11":{"start":{"line":30,"column":12},"end":{"line":30,"column":43}},"12":{"start":{"line":31,"column":12},"end":{"line":34,"column":14}},"13":{"start":{"line":39,"column":8},"end":{"line":42,"column":10}},"14":{"start":{"line":40,"column":10},"end":{"line":40,"column":39}},"15":{"start":{"line":41,"column":10},"end":{"line":41,"column":45}},"16":{"start":{"line":45,"column":8},"end":{"line":48,"column":10}},"17":{"start":{"line":46,"column":10},"end":{"line":46,"column":47}},"18":{"start":{"line":47,"column":10},"end":{"line":47,"column":39}},"19":{"start":{"line":50,"column":8},"end":{"line":50,"column":47}},"20":{"start":{"line":51,"column":8},"end":{"line":51,"column":31}},"21":{"start":{"line":58,"column":4},"end":{"line":76,"column":5}},"22":{"start":{"line":60,"column":8},"end":{"line":60,"column":47}},"23":{"start":{"line":61,"column":8},"end":{"line":61,"column":13}},"24":{"start":{"line":63,"column":8},"end":{"line":69,"column":9}},"25":{"start":{"line":64,"column":10},"end":{"line":68,"column":12}},"26":{"start":{"line":70,"column":8},"end":{"line":70,"column":13}},"27":{"start":{"line":72,"column":8},"end":{"line":75,"column":10}},"28":{"start":{"line":81,"column":4},"end":{"line":83,"column":5}},"29":{"start":{"line":82,"column":6},"end":{"line":82,"column":35}},"30":{"start":{"line":88,"column":19},"end":{"line":88,"column":45}},"31":{"start":{"line":89,"column":4},"end":{"line":91,"column":5}},"32":{"start":{"line":90,"column":6},"end":{"line":90,"column":40}},"33":{"start":{"line":96,"column":4},"end":{"line":98,"column":6}},"34":{"start":{"line":97,"column":6},"end":{"line":97,"column":40}},"35":{"start":{"line":103,"column":4},"end":{"line":103,"column":42}},"36":{"start":{"line":108,"column":25},"end":{"line":108,"column":47}}},"fnMap":{"0":{"name":"(anonymous_0)","decl":{"start":{"line":4,"column":2},"end":{"line":4,"column":3}},"loc":{"start":{"line":4,"column":16},"end":{"line":7,"column":3}},"line":4},"1":{"name":"(anonymous_1)","decl":{"start":{"line":10,"column":2},"end":{"line":10,"column":3}},"loc":{"start":{"line":10,"column":21},"end":{"line":54,"column":3}},"line":10},"2":{"name":"(anonymous_2)","decl":{"start":{"line":13,"column":30},"end":{"line":13,"column":31}},"loc":{"start":{"line":13,"column":43},"end":{"line":53,"column":5}},"line":13},"3":{"name":"(anonymous_3)","decl":{"start":{"line":25,"column":25},"end":{"line":25,"column":26}},"loc":{"start":{"line":25,"column":38},"end":{"line":36,"column":9}},"line":25},"4":{"name":"(anonymous_4)","decl":{"start":{"line":39,"column":23},"end":{"line":39,"column":24}},"loc":{"start":{"line":39,"column":29},"end":{"line":42,"column":9}},"line":39},"5":{"name":"(anonymous_5)","decl":{"start":{"line":45,"column":23},"end":{"line":45,"column":24}},"loc":{"start":{"line":45,"column":34},"end":{"line":48,"column":9}},"line":45},"6":{"name":"(anonymous_6)","decl":{"start":{"line":57,"column":2},"end":{"line":57,"column":3}},"loc":{"start":{"line":57,"column":36},"end":{"line":77,"column":3}},"line":57},"7":{"name":"(anonymous_7)","decl":{"start":{"line":80,"column":2},"end":{"line":80,"column":3}},"loc":{"start":{"line":80,"column":25},"end":{"line":84,"column":3}},"line":80},"8":{"name":"(anonymous_8)","decl":{"start":{"line":87,"column":2},"end":{"line":87,"column":3}},"loc":{"start":{"line":87,"column":33},"end":{"line":92,"column":3}},"line":87},"9":{"name":"(anonymous_9)","decl":{"start":{"line":95,"column":2},"end":{"line":95,"column":3}},"loc":{"start":{"line":95,"column":18},"end":{"line":99,"column":3}},"line":95},"10":{"name":"(anonymous_10)","decl":{"start":{"line":96,"column":25},"end":{"line":96,"column":26}},"loc":{"start":{"line":96,"column":37},"end":{"line":98,"column":5}},"line":96},"11":{"name":"(anonymous_11)","decl":{"start":{"line":102,"column":2},"end":{"line":102,"column":3}},"loc":{"start":{"line":102,"column":21},"end":{"line":104,"column":3}},"line":102}},"branchMap":{"0":{"loc":{"start":{"line":58,"column":4},"end":{"line":76,"column":5}},"type":"switch","locations":[{"start":{"line":59,"column":6},"end":{"line":61,"column":13}},{"start":{"line":62,"column":6},"end":{"line":70,"column":13}},{"start":{"line":71,"column":6},"end":{"line":75,"column":10}}],"line":58},"1":{"loc":{"start":{"line":63,"column":8},"end":{"line":69,"column":9}},"type":"if","locations":[{"start":{"line":63,"column":8},"end":{"line":69,"column":9}},{"start":{},"end":{}}],"line":63},"2":{"loc":{"start":{"line":81,"column":4},"end":{"line":83,"column":5}},"type":"if","locations":[{"start":{"line":81,"column":4},"end":{"line":83,"column":5}},{"start":{},"end":{}}],"line":81},"3":{"loc":{"start":{"line":89,"column":4},"end":{"line":91,"column":5}},"type":"if","locations":[{"start":{"line":89,"column":4},"end":{"line":91,"column":5}},{"start":{},"end":{}}],"line":89}},"s":{"0":0,"1":0,"2":0,"3":0,"4":0,"5":0,"6":0,"7":0,"8":0,"9":0,"10":0,"11":0,"12":0,"13":0,"14":0,"15":0,"16":0,"17":0,"18":0,"19":0,"20":0,"21":0,"22":0,"23":0,"24":0,"25":0,"26":0,"27":0,"28":0,"29":0,"30":0,"31":0,"32":0,"33":0,"34":0,"35":0,"36":0},"f":{"0":0,"1":0,"2":0,"3":0,"4":0,"5":0,"6":0,"7":0,"8":0,"9":0,"10":0,"11":0},"b":{"0":[0,0,0],"1":[0,0],"2":[0,0],"3":[0,0]}}
,"/Users/mxh/Code/my-style/express-admin/src/utils/auth.js": {"path":"/Users/mxh/Code/my-style/express-admin/src/utils/auth.js","statementMap":{"0":{"start":{"line":8,"column":27},"end":{"line":17,"column":1}},"1":{"start":{"line":9,"column":2},"end":{"line":16,"column":3}},"2":{"start":{"line":10,"column":17},"end":{"line":10,"column":42}},"3":{"start":{"line":11,"column":18},"end":{"line":11,"column":45}},"4":{"start":{"line":12,"column":4},"end":{"line":12,"column":52}},"5":{"start":{"line":14,"column":4},"end":{"line":14,"column":37}},"6":{"start":{"line":15,"column":4},"end":{"line":15,"column":15}},"7":{"start":{"line":24,"column":34},"end":{"line":30,"column":1}},"8":{"start":{"line":25,"column":15},"end":{"line":25,"column":40}},"9":{"start":{"line":26,"column":2},"end":{"line":28,"column":3}},"10":{"start":{"line":27,"column":4},"end":{"line":27,"column":15}},"11":{"start":{"line":29,"column":2},"end":{"line":29,"column":49}}},"fnMap":{"0":{"name":"(anonymous_0)","decl":{"start":{"line":8,"column":27},"end":{"line":8,"column":28}},"loc":{"start":{"line":8,"column":36},"end":{"line":17,"column":1}},"line":8},"1":{"name":"(anonymous_1)","decl":{"start":{"line":24,"column":34},"end":{"line":24,"column":35}},"loc":{"start":{"line":24,"column":43},"end":{"line":30,"column":1}},"line":24}},"branchMap":{"0":{"loc":{"start":{"line":26,"column":2},"end":{"line":28,"column":3}},"type":"if","locations":[{"start":{"line":26,"column":2},"end":{"line":28,"column":3}},{"start":{},"end":{}}],"line":26},"1":{"loc":{"start":{"line":26,"column":6},"end":{"line":26,"column":42}},"type":"binary-expr","locations":[{"start":{"line":26,"column":6},"end":{"line":26,"column":11}},{"start":{"line":26,"column":15},"end":{"line":26,"column":42}}],"line":26}},"s":{"0":0,"1":0,"2":0,"3":0,"4":0,"5":0,"6":0,"7":0,"8":0,"9":0,"10":0,"11":0},"f":{"0":0,"1":0},"b":{"0":[0,0],"1":[0,0]}}
,"/Users/mxh/Code/my-style/express-admin/src/utils/handleError.js": {"path":"/Users/mxh/Code/my-style/express-admin/src/utils/handleError.js","statementMap":{"0":{"start":{"line":7,"column":22},"end":{"line":14,"column":1}},"1":{"start":{"line":19,"column":4},"end":{"line":19,"column":18}},"2":{"start":{"line":20,"column":4},"end":{"line":20,"column":24}},"3":{"start":{"line":21,"column":4},"end":{"line":21,"column":22}},"4":{"start":{"line":25,"column":24},"end":{"line":27,"column":1}},"5":{"start":{"line":26,"column":2},"end":{"line":26,"column":71}},"6":{"start":{"line":29,"column":20},"end":{"line":89,"column":1}},"7":{"start":{"line":30,"column":2},"end":{"line":30,"column":42}},"8":{"start":{"line":31,"column":2},"end":{"line":31,"column":60}},"9":{"start":{"line":32,"column":2},"end":{"line":32,"column":20}},"10":{"start":{"line":33,"column":2},"end":{"line":33,"column":40}},"11":{"start":{"line":36,"column":2},"end":{"line":42,"column":3}},"12":{"start":{"line":37,"column":4},"end":{"line":41,"column":6}},"13":{"start":{"line":45,"column":2},"end":{"line":51,"column":3}},"14":{"start":{"line":46,"column":4},"end":{"line":50,"column":6}},"15":{"start":{"line":54,"column":2},"end":{"line":60,"column":3}},"16":{"start":{"line":55,"column":4},"end":{"line":59,"column":6}},"17":{"start":{"line":63,"column":2},"end":{"line":69,"column":3}},"18":{"start":{"line":64,"column":4},"end":{"line":68,"column":6}},"19":{"start":{"line":72,"column":2},"end":{"line":78,"column":3}},"20":{"start":{"line":73,"column":4},"end":{"line":77,"column":6}},"21":{"start":{"line":81,"column":17},"end":{"line":81,"column":34}},"22":{"start":{"line":82,"column":18},"end":{"line":82,"column":64}},"23":{"start":{"line":84,"column":2},"end":{"line":88,"column":4}}},"fnMap":{"0":{"name":"(anonymous_0)","decl":{"start":{"line":18,"column":2},"end":{"line":18,"column":3}},"loc":{"start":{"line":18,"column":45},"end":{"line":22,"column":3}},"line":18},"1":{"name":"(anonymous_1)","decl":{"start":{"line":25,"column":24},"end":{"line":25,"column":25}},"loc":{"start":{"line":25,"column":33},"end":{"line":27,"column":1}},"line":25},"2":{"name":"(anonymous_2)","decl":{"start":{"line":29,"column":20},"end":{"line":29,"column":21}},"loc":{"start":{"line":29,"column":45},"end":{"line":89,"column":1}},"line":29}},"branchMap":{"0":{"loc":{"start":{"line":18,"column":31},"end":{"line":18,"column":43}},"type":"default-arg","locations":[{"start":{"line":18,"column":39},"end":{"line":18,"column":43}}],"line":18},"1":{"loc":{"start":{"line":26,"column":9},"end":{"line":26,"column":71}},"type":"cond-expr","locations":[{"start":{"line":26,"column":50},"end":{"line":26,"column":59}},{"start":{"line":26,"column":62},"end":{"line":26,"column":71}}],"line":26},"2":{"loc":{"start":{"line":36,"column":2},"end":{"line":42,"column":3}},"type":"if","locations":[{"start":{"line":36,"column":2},"end":{"line":42,"column":3}},{"start":{},"end":{}}],"line":36},"3":{"loc":{"start":{"line":45,"column":2},"end":{"line":51,"column":3}},"type":"if","locations":[{"start":{"line":45,"column":2},"end":{"line":51,"column":3}},{"start":{},"end":{}}],"line":45},"4":{"loc":{"start":{"line":54,"column":2},"end":{"line":60,"column":3}},"type":"if","locations":[{"start":{"line":54,"column":2},"end":{"line":60,"column":3}},{"start":{},"end":{}}],"line":54},"5":{"loc":{"start":{"line":63,"column":2},"end":{"line":69,"column":3}},"type":"if","locations":[{"start":{"line":63,"column":2},"end":{"line":69,"column":3}},{"start":{},"end":{}}],"line":63},"6":{"loc":{"start":{"line":72,"column":2},"end":{"line":78,"column":3}},"type":"if","locations":[{"start":{"line":72,"column":2},"end":{"line":78,"column":3}},{"start":{},"end":{}}],"line":72},"7":{"loc":{"start":{"line":81,"column":17},"end":{"line":81,"column":34}},"type":"binary-expr","locations":[{"start":{"line":81,"column":17},"end":{"line":81,"column":27}},{"start":{"line":81,"column":31},"end":{"line":81,"column":34}}],"line":81},"8":{"loc":{"start":{"line":82,"column":18},"end":{"line":82,"column":64}},"type":"binary-expr","locations":[{"start":{"line":82,"column":18},"end":{"line":82,"column":29}},{"start":{"line":82,"column":33},"end":{"line":82,"column":54}},{"start":{"line":82,"column":58},"end":{"line":82,"column":64}}],"line":82}},"s":{"0":0,"1":0,"2":0,"3":0,"4":0,"5":0,"6":0,"7":0,"8":0,"9":0,"10":0,"11":0,"12":0,"13":0,"14":0,"15":0,"16":0,"17":0,"18":0,"19":0,"20":0,"21":0,"22":0,"23":0},"f":{"0":0,"1":0,"2":0},"b":{"0":[0],"1":[0,0],"2":[0,0],"3":[0,0],"4":[0,0],"5":[0,0],"6":[0,0],"7":[0,0],"8":[0,0,0]}}
,"/Users/mxh/Code/my-style/express-admin/src/utils/index.js": {"path":"/Users/mxh/Code/my-style/express-admin/src/utils/index.js","statementMap":{},"fnMap":{},"branchMap":{},"s":{},"f":{},"b":{}}
,"/Users/mxh/Code/my-style/express-admin/src/utils/valid.js": {"path":"/Users/mxh/Code/my-style/express-admin/src/utils/valid.js","statementMap":{"0":{"start":{"line":6,"column":23},"end":{"line":8,"column":1}},"1":{"start":{"line":7,"column":2},"end":{"line":7,"column":40}},"2":{"start":{"line":15,"column":31},"end":{"line":18,"column":1}},"3":{"start":{"line":16,"column":2},"end":{"line":16,"column":61}},"4":{"start":{"line":16,"column":49},"end":{"line":16,"column":61}},"5":{"start":{"line":17,"column":2},"end":{"line":17,"column":54}},"6":{"start":{"line":25,"column":31},"end":{"line":28,"column":1}},"7":{"start":{"line":26,"column":2},"end":{"line":26,"column":61}},"8":{"start":{"line":26,"column":49},"end":{"line":26,"column":61}},"9":{"start":{"line":27,"column":2},"end":{"line":27,"column":29}},"10":{"start":{"line":35,"column":28},"end":{"line":40,"column":1}},"11":{"start":{"line":36,"column":2},"end":{"line":36,"column":31}},"12":{"start":{"line":36,"column":20},"end":{"line":36,"column":31}},"13":{"start":{"line":37,"column":2},"end":{"line":37,"column":55}},"14":{"start":{"line":37,"column":43},"end":{"line":37,"column":55}},"15":{"start":{"line":39,"column":2},"end":{"line":39,"column":46}},"16":{"start":{"line":47,"column":28},"end":{"line":50,"column":1}},"17":{"start":{"line":48,"column":2},"end":{"line":48,"column":55}},"18":{"start":{"line":48,"column":43},"end":{"line":48,"column":55}},"19":{"start":{"line":49,"column":2},"end":{"line":49,"column":32}}},"fnMap":{"0":{"name":"(anonymous_0)","decl":{"start":{"line":6,"column":23},"end":{"line":6,"column":24}},"loc":{"start":{"line":6,"column":32},"end":{"line":8,"column":1}},"line":6},"1":{"name":"(anonymous_1)","decl":{"start":{"line":15,"column":31},"end":{"line":15,"column":32}},"loc":{"start":{"line":15,"column":45},"end":{"line":18,"column":1}},"line":15},"2":{"name":"(anonymous_2)","decl":{"start":{"line":25,"column":31},"end":{"line":25,"column":32}},"loc":{"start":{"line":25,"column":45},"end":{"line":28,"column":1}},"line":25},"3":{"name":"(anonymous_3)","decl":{"start":{"line":35,"column":28},"end":{"line":35,"column":29}},"loc":{"start":{"line":35,"column":39},"end":{"line":40,"column":1}},"line":35},"4":{"name":"(anonymous_4)","decl":{"start":{"line":47,"column":28},"end":{"line":47,"column":29}},"loc":{"start":{"line":47,"column":39},"end":{"line":50,"column":1}},"line":47}},"branchMap":{"0":{"loc":{"start":{"line":7,"column":9},"end":{"line":7,"column":40}},"type":"binary-expr","locations":[{"start":{"line":7,"column":9},"end":{"line":7,"column":13}},{"start":{"line":7,"column":17},"end":{"line":7,"column":40}}],"line":7},"1":{"loc":{"start":{"line":16,"column":2},"end":{"line":16,"column":61}},"type":"if","locations":[{"start":{"line":16,"column":2},"end":{"line":16,"column":61}},{"start":{},"end":{}}],"line":16},"2":{"loc":{"start":{"line":16,"column":6},"end":{"line":16,"column":47}},"type":"binary-expr","locations":[{"start":{"line":16,"column":6},"end":{"line":16,"column":15}},{"start":{"line":16,"column":19},"end":{"line":16,"column":47}}],"line":16},"3":{"loc":{"start":{"line":17,"column":9},"end":{"line":17,"column":54}},"type":"binary-expr","locations":[{"start":{"line":17,"column":9},"end":{"line":17,"column":29}},{"start":{"line":17,"column":33},"end":{"line":17,"column":54}}],"line":17},"4":{"loc":{"start":{"line":26,"column":2},"end":{"line":26,"column":61}},"type":"if","locations":[{"start":{"line":26,"column":2},"end":{"line":26,"column":61}},{"start":{},"end":{}}],"line":26},"5":{"loc":{"start":{"line":26,"column":6},"end":{"line":26,"column":47}},"type":"binary-expr","locations":[{"start":{"line":26,"column":6},"end":{"line":26,"column":15}},{"start":{"line":26,"column":19},"end":{"line":26,"column":47}}],"line":26},"6":{"loc":{"start":{"line":36,"column":2},"end":{"line":36,"column":31}},"type":"if","locations":[{"start":{"line":36,"column":2},"end":{"line":36,"column":31}},{"start":{},"end":{}}],"line":36},"7":{"loc":{"start":{"line":37,"column":2},"end":{"line":37,"column":55}},"type":"if","locations":[{"start":{"line":37,"column":2},"end":{"line":37,"column":55}},{"start":{},"end":{}}],"line":37},"8":{"loc":{"start":{"line":37,"column":6},"end":{"line":37,"column":41}},"type":"binary-expr","locations":[{"start":{"line":37,"column":6},"end":{"line":37,"column":12}},{"start":{"line":37,"column":16},"end":{"line":37,"column":41}}],"line":37},"9":{"loc":{"start":{"line":48,"column":2},"end":{"line":48,"column":55}},"type":"if","locations":[{"start":{"line":48,"column":2},"end":{"line":48,"column":55}},{"start":{},"end":{}}],"line":48},"10":{"loc":{"start":{"line":48,"column":6},"end":{"line":48,"column":41}},"type":"binary-expr","locations":[{"start":{"line":48,"column":6},"end":{"line":48,"column":12}},{"start":{"line":48,"column":16},"end":{"line":48,"column":41}}],"line":48}},"s":{"0":0,"1":0,"2":0,"3":0,"4":0,"5":0,"6":0,"7":0,"8":0,"9":0,"10":0,"11":0,"12":0,"13":0,"14":0,"15":0,"16":0,"17":0,"18":0,"19":0},"f":{"0":0,"1":0,"2":0,"3":0,"4":0},"b":{"0":[0,0],"1":[0,0],"2":[0,0],"3":[0,0],"4":[0,0],"5":[0,0],"6":[0,0],"7":[0,0],"8":[0,0],"9":[0,0],"10":[0,0]}}
}
